"../../../Engine/Content/EditorResources/S_Actor.ubulk" 0
"../../../Engine/Content/EditorResources/S_Actor.uasset" 1
"../../../Engine/Content/EditorResources/S_Actor.uexp" 2
"../../../Engine/Content/EditorResources/S_BoxReflectionCapture.uasset" 3
"../../../Engine/Content/EditorResources/S_BoxReflectionCapture.uexp" 4
"../../../Engine/Content/EngineResources/DefaultTexture.ubulk" 5
"../../../Engine/Content/EngineResources/DefaultTexture.uasset" 6
"../../../Engine/Content/EngineResources/DefaultTexture.uexp" 7
"../../../Engine/Content/EngineResources/DefaultTextureCube.uasset" 8
"../../../Engine/Content/EngineResources/DefaultTextureCube.uexp" 9
"../../../Engine/Content/EngineResources/DefaultVolumeTexture2D.uasset" 10
"../../../Engine/Content/EngineResources/DefaultVolumeTexture2D.uexp" 11
"../../../Engine/Content/EngineResources/DefaultVolumeTexture.uasset" 12
"../../../Engine/Content/EngineResources/DefaultVolumeTexture.uexp" 13
"../../../Engine/Content/EditorResources/S_Trigger.ubulk" 14
"../../../Engine/Content/EditorResources/S_Trigger.uasset" 15
"../../../Engine/Content/EditorResources/S_Trigger.uexp" 16
"../../../Engine/Content/EditorResources/S_TriggerBox.uasset" 17
"../../../Engine/Content/EditorResources/S_TriggerBox.uexp" 18
"../../../Engine/Content/EditorResources/S_TriggerCapsule.uasset" 19
"../../../Engine/Content/EditorResources/S_TriggerCapsule.uexp" 20
"../../../Engine/Content/EditorResources/S_TriggerSphere.uasset" 21
"../../../Engine/Content/EditorResources/S_TriggerSphere.uexp" 22
"../../../Engine/Content/EngineMeshes/Sphere.ubulk" 23
"../../../Engine/Content/EngineMeshes/Sphere.uasset" 24
"../../../Engine/Content/EngineMeshes/Sphere.uexp" 25
"../../../Engine/Content/EngineResources/GradientTexture0.uasset" 26
"../../../Engine/Content/EngineResources/GradientTexture0.uexp" 27
"../../../Engine/Content/EngineResources/Black.uasset" 28
"../../../Engine/Content/EngineResources/Black.uexp" 29
"../../../Engine/Content/VREditor/LaserPointer/VR_LaserPower_01.ubulk" 30
"../../../Engine/Content/VREditor/LaserPointer/VR_LaserPower_01.uasset" 31
"../../../Engine/Content/VREditor/LaserPointer/VR_LaserPower_01.uexp" 32
"../../../Engine/Content/VREditor/TransformGizmo/TransformGizmoMaterial.uasset" 33
"../../../Engine/Content/VREditor/TransformGizmo/TransformGizmoMaterial.uexp" 34
"../../../Engine/Content/VREditor/TransformGizmo/TranslucentTransformGizmoMaterial.uasset" 35
"../../../Engine/Content/VREditor/TransformGizmo/TranslucentTransformGizmoMaterial.uexp" 36
"../../../Engine/Content/VREditor/TransformGizmo/PlaneTranslationHandle.ubulk" 37
"../../../Engine/Content/VREditor/TransformGizmo/PlaneTranslationHandle.uasset" 38
"../../../Engine/Content/VREditor/TransformGizmo/PlaneTranslationHandle.uexp" 39
"../../../Engine/Content/VREditor/TransformGizmo/BoundingBoxCorner.ubulk" 40
"../../../Engine/Content/VREditor/TransformGizmo/BoundingBoxCorner.uasset" 41
"../../../Engine/Content/VREditor/TransformGizmo/BoundingBoxCorner.uexp" 42
"../../../Engine/Content/VREditor/TransformGizmo/BoundingBoxEdge.ubulk" 43
"../../../Engine/Content/VREditor/TransformGizmo/BoundingBoxEdge.uasset" 44
"../../../Engine/Content/VREditor/TransformGizmo/BoundingBoxEdge.uexp" 45
"../../../Engine/Content/VREditor/TransformGizmo/Main.uasset" 46
"../../../Engine/Content/VREditor/TransformGizmo/Main.uexp" 47
"../../../Engine/Content/VREditor/TransformGizmo/Xray.uasset" 48
"../../../Engine/Content/VREditor/TransformGizmo/Xray.uexp" 49
"../../../Engine/Content/VREditor/TransformGizmo/SM_Sequencer_Node.ubulk" 50
"../../../Engine/Content/VREditor/TransformGizmo/SM_Sequencer_Node.uasset" 51
"../../../Engine/Content/VREditor/TransformGizmo/SM_Sequencer_Node.uexp" 52
"../../../Engine/Content/EditorMaterials/Camera/CineMat.uasset" 53
"../../../Engine/Content/EditorMaterials/Camera/CineMat.uexp" 54
"../../../Engine/Content/EditorMaterials/Camera/MI_CineMat_Rig.uasset" 55
"../../../Engine/Content/EditorMaterials/Camera/MI_CineMat_Rig.uexp" 56
"../../../Engine/Content/EditorMeshes/Camera/SM_CraneRig_Base.ubulk" 57
"../../../Engine/Content/EditorMeshes/Camera/SM_CraneRig_Base.uasset" 58
"../../../Engine/Content/EditorMeshes/Camera/SM_CraneRig_Base.uexp" 59
"../../../Engine/Content/EditorMeshes/Camera/SM_CraneRig_Arm.ubulk" 60
"../../../Engine/Content/EditorMeshes/Camera/SM_CraneRig_Arm.uasset" 61
"../../../Engine/Content/EditorMeshes/Camera/SM_CraneRig_Arm.uexp" 62
"../../../Engine/Content/EditorMeshes/Camera/SM_CraneRig_Mount.ubulk" 63
"../../../Engine/Content/EditorMeshes/Camera/SM_CraneRig_Mount.uasset" 64
"../../../Engine/Content/EditorMeshes/Camera/SM_CraneRig_Mount.uexp" 65
"../../../Engine/Content/EditorMeshes/Camera/SM_CraneRig_Body.ubulk" 66
"../../../Engine/Content/EditorMeshes/Camera/SM_CraneRig_Body.uasset" 67
"../../../Engine/Content/EditorMeshes/Camera/SM_CraneRig_Body.uexp" 68
"../../../Engine/Content/EditorMeshes/Camera/SM_RailRig_Track.ubulk" 69
"../../../Engine/Content/EditorMeshes/Camera/SM_RailRig_Track.uasset" 70
"../../../Engine/Content/EditorMeshes/Camera/SM_RailRig_Track.uexp" 71
"../../../Engine/Content/EditorMeshes/Camera/SM_RailRig_Mount.ubulk" 72
"../../../Engine/Content/EditorMeshes/Camera/SM_RailRig_Mount.uasset" 73
"../../../Engine/Content/EditorMeshes/Camera/SM_RailRig_Mount.uexp" 74
"../../../Engine/Content/EngineMaterials/T_Default_Material_Grid_M.ubulk" 75
"../../../Engine/Content/EngineMaterials/T_Default_Material_Grid_M.uasset" 76
"../../../Engine/Content/EngineMaterials/T_Default_Material_Grid_M.uexp" 77
"../../../Engine/Content/EngineMaterials/T_Default_Material_Grid_N.ubulk" 78
"../../../Engine/Content/EngineMaterials/T_Default_Material_Grid_N.uasset" 79
"../../../Engine/Content/EngineMaterials/T_Default_Material_Grid_N.uexp" 80
"../../../Engine/Content/Functions/Engine_MaterialFunctions01/Opacity/CameraDepthFade.uasset" 81
"../../../Engine/Content/Functions/Engine_MaterialFunctions01/Opacity/CameraDepthFade.uexp" 82
"../../../Engine/Content/EngineMaterials/WorldGridMaterial.uasset" 83
"../../../Engine/Content/EngineMaterials/WorldGridMaterial.uexp" 84
"../../../Engine/Content/ArtTools/RenderToTexture/Meshes/S_1_Unit_Plane.ubulk" 85
"../../../Engine/Content/ArtTools/RenderToTexture/Meshes/S_1_Unit_Plane.uasset" 86
"../../../Engine/Content/ArtTools/RenderToTexture/Meshes/S_1_Unit_Plane.uexp" 87
"../../../Engine/Content/EditorMaterials/ParticleSystems/PSysThumbnail_NoImage.ubulk" 88
"../../../Engine/Content/EditorMaterials/ParticleSystems/PSysThumbnail_NoImage.uasset" 89
"../../../Engine/Content/EditorMaterials/ParticleSystems/PSysThumbnail_NoImage.uexp" 90
"../../../Engine/Content/EditorMaterials/ParticleSystems/PSysThumbnail_OOD.ubulk" 91
"../../../Engine/Content/EditorMaterials/ParticleSystems/PSysThumbnail_OOD.uasset" 92
"../../../Engine/Content/EditorMaterials/ParticleSystems/PSysThumbnail_OOD.uexp" 93
"../../../Engine/Content/EditorLandscapeResources/SplineEditorMeshMat.uasset" 94
"../../../Engine/Content/EditorLandscapeResources/SplineEditorMeshMat.uexp" 95
"../../../Engine/Content/EditorLandscapeResources/SplineEditorMesh.ubulk" 96
"../../../Engine/Content/EditorLandscapeResources/SplineEditorMesh.uasset" 97
"../../../Engine/Content/EditorLandscapeResources/SplineEditorMesh.uexp" 98
"../../../Engine/Content/EditorResources/S_Solver.ubulk" 99
"../../../Engine/Content/EditorResources/S_Solver.uasset" 100
"../../../Engine/Content/EditorResources/S_Solver.uexp" 101
"../../../Engine/Plugins/Media/MediaPlate/Content/SM_MediaPlateScreen.ubulk" 102
"../../../Engine/Plugins/Media/MediaPlate/Content/SM_MediaPlateScreen.uasset" 103
"../../../Engine/Plugins/Media/MediaPlate/Content/SM_MediaPlateScreen.uexp" 104
"../../../Engine/Content/EngineMaterials/Good64x64TilingNoiseHighFreq.uasset" 105
"../../../Engine/Content/EngineMaterials/Good64x64TilingNoiseHighFreq.uexp" 106
"../../../Engine/Content/EngineMaterials/DefaultBokeh.uasset" 107
"../../../Engine/Content/EngineMaterials/DefaultBokeh.uexp" 108
"../../../Engine/Content/EngineMaterials/PreintegratedSkinBRDF.uasset" 109
"../../../Engine/Content/EngineMaterials/PreintegratedSkinBRDF.uexp" 110
"../../../Engine/Content/EngineMaterials/MiniFont.uasset" 111
"../../../Engine/Content/EngineMaterials/MiniFont.uexp" 112
"../../../Engine/Content/EngineMaterials/WeightMapPlaceholderTexture.uasset" 113
"../../../Engine/Content/EngineMaterials/WeightMapPlaceholderTexture.uexp" 114
"../../../Engine/Content/EngineMaterials/DefaultWhiteGrid.ubulk" 115
"../../../Engine/Content/EngineMaterials/DefaultWhiteGrid.uasset" 116
"../../../Engine/Content/EngineMaterials/DefaultWhiteGrid.uexp" 117
"../../../Engine/Content/EngineMaterials/DefaultMaterial.uasset" 118
"../../../Engine/Content/EngineMaterials/DefaultMaterial.uexp" 119
"../../../Engine/Content/BasicShapes/Sphere.ubulk" 120
"../../../Engine/Content/BasicShapes/Sphere.uasset" 121
"../../../Engine/Content/BasicShapes/Sphere.uexp" 122
"../../../Engine/Content/BasicShapes/Plane.ubulk" 123
"../../../Engine/Content/BasicShapes/Plane.uasset" 124
"../../../Engine/Content/BasicShapes/Plane.uexp" 125
"../../../Engine/Content/BasicShapes/Cylinder.ubulk" 126
"../../../Engine/Content/BasicShapes/Cylinder.uasset" 127
"../../../Engine/Content/BasicShapes/Cylinder.uexp" 128
"../../../Engine/Content/BasicShapes/Cube.ubulk" 129
"../../../Engine/Content/BasicShapes/Cube.uasset" 130
"../../../Engine/Content/BasicShapes/Cube.uexp" 131
"../../../Engine/Content/BasicShapes/Cone.ubulk" 132
"../../../Engine/Content/BasicShapes/Cone.uasset" 133
"../../../Engine/Content/BasicShapes/Cone.uexp" 134
"../../../Engine/Content/EditorLandscapeResources/DefaultAlphaTexture.uasset" 135
"../../../Engine/Content/EditorLandscapeResources/DefaultAlphaTexture.uexp" 136
"../../../Engine/Content/EditorLandscapeResources/DataLayer.uasset" 137
"../../../Engine/Content/EditorLandscapeResources/DataLayer.uexp" 138
"../../../Engine/Content/EditorMaterials/PreviewShadowIndicator.ubulk" 139
"../../../Engine/Content/EditorMaterials/PreviewShadowIndicator.uasset" 140
"../../../Engine/Content/EditorMaterials/PreviewShadowIndicator.uexp" 141
"../../../Engine/Content/EditorMaterials/PreviewShadowIndicatorMaterial.uasset" 142
"../../../Engine/Content/EditorMaterials/PreviewShadowIndicatorMaterial.uexp" 143
"../../../Engine/Content/EditorMaterials/PhAT_UnselectedMaterial.uasset" 144
"../../../Engine/Content/EditorMaterials/PhAT_UnselectedMaterial.uexp" 145
"../../../Engine/Content/EditorMaterials/PhAT_NoCollisionMaterial.uasset" 146
"../../../Engine/Content/EditorMaterials/PhAT_NoCollisionMaterial.uexp" 147
"../../../Engine/Content/Functions/Engine_MaterialFunctions02/Utility/MakeFloat4.uasset" 148
"../../../Engine/Content/Functions/Engine_MaterialFunctions02/Utility/MakeFloat4.uexp" 149
"../../../Engine/Content/Functions/Engine_MaterialFunctions02/Utility/MakeFloat3.uasset" 150
"../../../Engine/Content/Functions/Engine_MaterialFunctions02/Utility/MakeFloat3.uexp" 151
"../../../Engine/Content/Functions/Engine_MaterialFunctions02/Utility/BreakOutFloat3Components.uasset" 152
"../../../Engine/Content/Functions/Engine_MaterialFunctions02/Utility/BreakOutFloat3Components.uexp" 153
"../../../Engine/Content/EditorMaterials/WorldPartition/WorldPartitionSpatialHashGridPreviewMaterial.uasset" 154
"../../../Engine/Content/EditorMaterials/WorldPartition/WorldPartitionSpatialHashGridPreviewMaterial.uexp" 155
"../../../Engine/Content/EditorResources/S_Terrain.ubulk" 156
"../../../Engine/Content/EditorResources/S_Terrain.uasset" 157
"../../../Engine/Content/EditorResources/S_Terrain.uexp" 158
"../../../Engine/Content/EditorResources/EmptyActor.uasset" 159
"../../../Engine/Content/EditorResources/EmptyActor.uexp" 160
"../../../Engine/Content/EditorResources/BSPVertex.uasset" 161
"../../../Engine/Content/EditorResources/BSPVertex.uexp" 162
"../../../Engine/Content/EditorResources/SequenceRecorder/RecordingIndicator.uasset" 163
"../../../Engine/Content/EditorResources/SequenceRecorder/RecordingIndicator.uexp" 164
"../../../Engine/Content/EditorResources/SequenceRecorder/Countdown.uasset" 165
"../../../Engine/Content/EditorResources/SequenceRecorder/Countdown.uexp" 166
"../../../Engine/Content/EngineDamageTypes/DmgTypeBP_Environmental.uasset" 167
"../../../Engine/Content/EngineDamageTypes/DmgTypeBP_Environmental.uexp" 168
"../../../Engine/Content/Functions/Engine_MaterialFunctions02/Utility/CameraDirectionVector.uasset" 169
"../../../Engine/Content/Functions/Engine_MaterialFunctions02/Utility/CameraDirectionVector.uexp" 170
"../../../Engine/Content/EngineDebugMaterials/VolumeToRender.uasset" 171
"../../../Engine/Content/EngineDebugMaterials/VolumeToRender.uexp" 172
"../../../Engine/Content/EngineDebugMaterials/M_VolumeRenderSphereTracePP.uasset" 173
"../../../Engine/Content/EngineDebugMaterials/M_VolumeRenderSphereTracePP.uexp" 174
"../../../Engine/Content/EngineDebugMaterials/M_SimpleUnlitTranslucent.uasset" 175
"../../../Engine/Content/EngineDebugMaterials/M_SimpleUnlitTranslucent.uexp" 176
"../../../Engine/Content/EngineDebugMaterials/DebugMeshMaterial.uasset" 177
"../../../Engine/Content/EngineDebugMaterials/DebugMeshMaterial.uexp" 178
"../../../Engine/Content/EngineDebugMaterials/DebugEditorMaterial.uasset" 179
"../../../Engine/Content/EngineDebugMaterials/DebugEditorMaterial.uexp" 180
"../../../Engine/Content/EngineFonts/Faces/RobotoLight.uexp" 181
"../../../Engine/Content/EngineFonts/Faces/RobotoLight.uasset" 182
"../../../Engine/Content/EngineFonts/Faces/RobotoLight.ufont" 183
"../../../Engine/Content/EngineFonts/Faces/RobotoBold.uexp" 184
"../../../Engine/Content/EngineFonts/Faces/RobotoBold.uasset" 185
"../../../Engine/Content/EngineFonts/Faces/RobotoBold.ufont" 186
"../../../Engine/Content/EngineFonts/Faces/RobotoRegular.uexp" 187
"../../../Engine/Content/EngineFonts/Faces/RobotoRegular.uasset" 188
"../../../Engine/Content/EngineFonts/Faces/RobotoRegular.ufont" 189
"../../../Engine/Content/EngineFonts/Faces/DroidSansFallback.uexp" 190
"../../../Engine/Content/EngineFonts/Faces/DroidSansFallback.uasset" 191
"../../../Engine/Content/EngineFonts/Faces/DroidSansFallback.ufont" 192
"../../../Engine/Content/EngineFonts/Faces/RobotoItalic.uexp" 193
"../../../Engine/Content/EngineFonts/Faces/RobotoItalic.uasset" 194
"../../../Engine/Content/EngineFonts/Faces/RobotoItalic.ufont" 195
"../../../Engine/Content/EngineFonts/Faces/RobotoBoldItalic.uexp" 196
"../../../Engine/Content/EngineFonts/Faces/RobotoBoldItalic.uasset" 197
"../../../Engine/Content/EngineFonts/Faces/RobotoBoldItalic.ufont" 198
"../../../Engine/Content/EngineFonts/Roboto.uasset" 199
"../../../Engine/Content/EngineFonts/Roboto.uexp" 200
"../../../Engine/Content/EngineResources/WhiteSquareTexture.uasset" 201
"../../../Engine/Content/EngineResources/WhiteSquareTexture.uexp" 202
"../../../Engine/Content/EngineMaterials/Widget3DPassThrough.uasset" 203
"../../../Engine/Content/EngineMaterials/Widget3DPassThrough.uexp" 204
"../../../Engine/Content/EngineMaterials/Widget3DPassThrough_Translucent.uasset" 205
"../../../Engine/Content/EngineMaterials/Widget3DPassThrough_Translucent.uexp" 206
"../../../Engine/Content/EngineMaterials/Widget3DPassThrough_Translucent_OneSided.uasset" 207
"../../../Engine/Content/EngineMaterials/Widget3DPassThrough_Translucent_OneSided.uexp" 208
"../../../Engine/Content/EngineMaterials/Widget3DPassThrough_Opaque.uasset" 209
"../../../Engine/Content/EngineMaterials/Widget3DPassThrough_Opaque.uexp" 210
"../../../Engine/Content/EngineMaterials/Widget3DPassThrough_Opaque_OneSided.uasset" 211
"../../../Engine/Content/EngineMaterials/Widget3DPassThrough_Opaque_OneSided.uexp" 212
"../../../Engine/Content/EngineMaterials/Widget3DPassThrough_Masked_OneSided.uasset" 213
"../../../Engine/Content/EngineMaterials/Widget3DPassThrough_Masked_OneSided.uexp" 214
"../../../Engine/Content/EngineMaterials/Widget3DPassThrough_Masked.uasset" 215
"../../../Engine/Content/EngineMaterials/Widget3DPassThrough_Masked.uexp" 216
"../../../Engine/Content/EngineMaterials/STBlueNoise_vec2_128x128x64.uasset" 217
"../../../Engine/Content/EngineMaterials/STBlueNoise_vec2_128x128x64.uexp" 218
"../../../Engine/Content/EngineMaterials/STBlueNoise_scalar_128x128x64.uasset" 219
"../../../Engine/Content/EngineMaterials/STBlueNoise_scalar_128x128x64.uexp" 220
"../../../Engine/Content/EngineMaterials/RemoveSurfaceMaterial.uasset" 221
"../../../Engine/Content/EngineMaterials/RemoveSurfaceMaterial.uexp" 222
"D:/Work/UE5/DestinyChanger/Content/LevelPrototyping/Textures/T_GridChecker_A.ubulk" 223
"D:/Work/UE5/DestinyChanger/Content/LevelPrototyping/Textures/T_GridChecker_A.uasset" 224
"D:/Work/UE5/DestinyChanger/Content/LevelPrototyping/Textures/T_GridChecker_A.uexp" 225
"../../../Engine/Content/Functions/Engine_MaterialFunctions01/Gradient/LinearGradient.uasset" 226
"../../../Engine/Content/Functions/Engine_MaterialFunctions01/Gradient/LinearGradient.uexp" 227
"../../../Engine/Content/Functions/Engine_MaterialFunctions01/ImageAdjustment/CheapContrast.uasset" 228
"../../../Engine/Content/Functions/Engine_MaterialFunctions01/ImageAdjustment/CheapContrast.uexp" 229
"D:/Work/UE5/DestinyChanger/Content/LevelPrototyping/Materials/MF_ProcGrid.uasset" 230
"D:/Work/UE5/DestinyChanger/Content/LevelPrototyping/Materials/MF_ProcGrid.uexp" 231
"D:/Work/UE5/DestinyChanger/Content/LevelPrototyping/Materials/M_PrototypeGrid.uasset" 232
"D:/Work/UE5/DestinyChanger/Content/LevelPrototyping/Materials/M_PrototypeGrid.uexp" 233
"D:/Work/UE5/DestinyChanger/Content/LevelPrototyping/Materials/MI_PrototypeGrid_Gray.uasset" 234
"D:/Work/UE5/DestinyChanger/Content/LevelPrototyping/Materials/MI_PrototypeGrid_Gray.uexp" 235
"D:/Work/UE5/DestinyChanger/Content/LevelPrototyping/Meshes/SM_QuarterCylinder.ubulk" 236
"D:/Work/UE5/DestinyChanger/Content/LevelPrototyping/Meshes/SM_QuarterCylinder.uasset" 237
"D:/Work/UE5/DestinyChanger/Content/LevelPrototyping/Meshes/SM_QuarterCylinder.uexp" 238
"../../../Engine/Content/EngineMaterials/DefaultCalibrationGrayscale.uasset" 239
"../../../Engine/Content/EngineMaterials/DefaultCalibrationGrayscale.uexp" 240
"../../../Engine/Content/EngineMaterials/PPM_DefaultCalibrationGrayscale.uasset" 241
"../../../Engine/Content/EngineMaterials/PPM_DefaultCalibrationGrayscale.uexp" 242
"../../../Engine/Content/EngineMaterials/DefaultCalibrationColor.uasset" 243
"../../../Engine/Content/EngineMaterials/DefaultCalibrationColor.uexp" 244
"../../../Engine/Content/EngineMaterials/PPM_DefaultCalibrationColor.uasset" 245
"../../../Engine/Content/EngineMaterials/PPM_DefaultCalibrationColor.uexp" 246
"../../../Engine/Content/Functions/Engine_MaterialFunctions02/WorldPositionOffset/CameraOffset.uasset" 247
"../../../Engine/Content/Functions/Engine_MaterialFunctions02/WorldPositionOffset/CameraOffset.uexp" 248
"../../../Engine/Content/EngineMaterials/PhAT_JointLimitMaterial.uasset" 249
"../../../Engine/Content/EngineMaterials/PhAT_JointLimitMaterial.uexp" 250
"../../../Engine/Content/EngineMaterials/InvalidLightmapSettings.ubulk" 251
"../../../Engine/Content/EngineMaterials/InvalidLightmapSettings.uasset" 252
"../../../Engine/Content/EngineMaterials/InvalidLightmapSettings.uexp" 253
"../../../Engine/Content/EngineMaterials/M_InvalidLightmapSettings.uasset" 254
"../../../Engine/Content/EngineMaterials/M_InvalidLightmapSettings.uexp" 255
"D:/Work/UE5/DestinyChanger/Content/LevelPrototyping/Meshes/SM_Ramp.ubulk" 256
"D:/Work/UE5/DestinyChanger/Content/LevelPrototyping/Meshes/SM_Ramp.uasset" 257
"D:/Work/UE5/DestinyChanger/Content/LevelPrototyping/Meshes/SM_Ramp.uexp" 258
"D:/Work/UE5/DestinyChanger/Content/LevelPrototyping/Meshes/SM_Cube.ubulk" 259
"D:/Work/UE5/DestinyChanger/Content/LevelPrototyping/Meshes/SM_Cube.uasset" 260
"D:/Work/UE5/DestinyChanger/Content/LevelPrototyping/Meshes/SM_Cube.uexp" 261
"../../../Engine/Content/EngineMaterials/GizmoMaterial.uasset" 262
"../../../Engine/Content/EngineMaterials/GizmoMaterial.uexp" 263
"../../../Engine/Content/EngineMaterials/BaseFlattenEmissiveMap_VT.uasset" 264
"../../../Engine/Content/EngineMaterials/BaseFlattenEmissiveMap_VT.uexp" 265
"../../../Engine/Content/EngineMaterials/BaseFlattenGrayscaleMap_VT.uasset" 266
"../../../Engine/Content/EngineMaterials/BaseFlattenGrayscaleMap_VT.uexp" 267
"../../../Engine/Content/EngineMaterials/BaseFlattenLinearColor_VT.uasset" 268
"../../../Engine/Content/EngineMaterials/BaseFlattenLinearColor_VT.uexp" 269
"../../../Engine/Content/EngineMaterials/Black_1x1_EXR_Texture_VT.uasset" 270
"../../../Engine/Content/EngineMaterials/Black_1x1_EXR_Texture_VT.uexp" 271
"../../../Engine/Content/EngineMaterials/BaseFlattenDiffuseMap_VT.uasset" 272
"../../../Engine/Content/EngineMaterials/BaseFlattenDiffuseMap_VT.uexp" 273
"../../../Engine/Content/EngineMaterials/BaseFlattenNormalMap_VT.uasset" 274
"../../../Engine/Content/EngineMaterials/BaseFlattenNormalMap_VT.uexp" 275
"../../../Engine/Content/EngineMaterials/FlattenMaterial_WS_Normal_VT.uasset" 276
"../../../Engine/Content/EngineMaterials/FlattenMaterial_WS_Normal_VT.uexp" 277
"../../../Engine/Content/EngineMaterials/FlattenMaterial_VT.uasset" 278
"../../../Engine/Content/EngineMaterials/FlattenMaterial_VT.uexp" 279
"../../../Engine/Content/EngineMaterials/BaseFlattenNormalMap.uasset" 280
"../../../Engine/Content/EngineMaterials/BaseFlattenNormalMap.uexp" 281
"../../../Engine/Content/EngineMaterials/BaseFlattenGrayscaleMap.uasset" 282
"../../../Engine/Content/EngineMaterials/BaseFlattenGrayscaleMap.uexp" 283
"../../../Engine/Content/EngineMaterials/BaseFlattenDiffuseMap.uasset" 284
"../../../Engine/Content/EngineMaterials/BaseFlattenDiffuseMap.uexp" 285
"../../../Engine/Content/Functions/Engine_MaterialFunctions02/PivotPainter2/Black_1x1_EXR_Texture.uasset" 286
"../../../Engine/Content/Functions/Engine_MaterialFunctions02/PivotPainter2/Black_1x1_EXR_Texture.uexp" 287
"../../../Engine/Content/EngineMaterials/BaseFlattenEmissiveMap.uasset" 288
"../../../Engine/Content/EngineMaterials/BaseFlattenEmissiveMap.uexp" 289
"../../../Engine/Content/EngineMaterials/BaseFlattenLinearColor.uasset" 290
"../../../Engine/Content/EngineMaterials/BaseFlattenLinearColor.uexp" 291
"../../../Engine/Content/EngineMaterials/FlattenMaterial.uasset" 292
"../../../Engine/Content/EngineMaterials/FlattenMaterial.uexp" 293
"../../../Engine/Content/EngineMaterials/DefaultWhiteGrid_Low.uasset" 294
"../../../Engine/Content/EngineMaterials/DefaultWhiteGrid_Low.uexp" 295
"../../../Engine/Content/EngineMaterials/EmissiveMeshMaterial.uasset" 296
"../../../Engine/Content/EngineMaterials/EmissiveMeshMaterial.uexp" 297
"../../../Engine/Content/EngineFonts/RobotoDistanceField.uasset" 298
"../../../Engine/Content/EngineFonts/RobotoDistanceField.uexp" 299
"../../../Engine/Content/EngineMaterials/DefaultTextMaterialOpaque.uasset" 300
"../../../Engine/Content/EngineMaterials/DefaultTextMaterialOpaque.uexp" 301
"../../../Engine/Content/EngineMaterials/DefaultDiffuse.ubulk" 302
"../../../Engine/Content/EngineMaterials/DefaultDiffuse.uasset" 303
"../../../Engine/Content/EngineMaterials/DefaultDiffuse.uexp" 304
"../../../Engine/Content/Functions/Engine_MaterialFunctions02/Utility/BreakOutFloat2Components.uasset" 305
"../../../Engine/Content/Functions/Engine_MaterialFunctions02/Utility/BreakOutFloat2Components.uexp" 306
"../../../Engine/Content/EngineMaterials/DefaultPostProcessMaterial.uasset" 307
"../../../Engine/Content/EngineMaterials/DefaultPostProcessMaterial.uexp" 308
"../../../Engine/Content/EngineMaterials/DefaultPhysicalMaterial.uasset" 309
"../../../Engine/Content/EngineMaterials/DefaultPhysicalMaterial.uexp" 310
"../../../Engine/Content/EngineMaterials/DefaultLightFunctionMaterial.uasset" 311
"../../../Engine/Content/EngineMaterials/DefaultLightFunctionMaterial.uexp" 312
"../../../Engine/Content/EngineMaterials/DefaultDestructiblePhysicalMaterial.uasset" 313
"../../../Engine/Content/EngineMaterials/DefaultDestructiblePhysicalMaterial.uexp" 314
"../../../Engine/Content/EngineMaterials/DefaultDeferredDecalMaterial.uasset" 315
"../../../Engine/Content/EngineMaterials/DefaultDeferredDecalMaterial.uexp" 316
"../../../Engine/Content/EngineMaterials/DefaultBloomKernel.uasset" 317
"../../../Engine/Content/EngineMaterials/DefaultBloomKernel.uexp" 318
"D:/Work/UE5/DestinyChanger/Content/LevelPrototyping/Materials/M_Solid.uasset" 319
"D:/Work/UE5/DestinyChanger/Content/LevelPrototyping/Materials/M_Solid.uexp" 320
"D:/Work/UE5/DestinyChanger/Content/LevelPrototyping/Materials/MI_Solid_Blue.uasset" 321
"D:/Work/UE5/DestinyChanger/Content/LevelPrototyping/Materials/MI_Solid_Blue.uexp" 322
"D:/Work/UE5/DestinyChanger/Content/LevelPrototyping/Meshes/SM_ChamferCube.ubulk" 323
"D:/Work/UE5/DestinyChanger/Content/LevelPrototyping/Meshes/SM_ChamferCube.uasset" 324
"D:/Work/UE5/DestinyChanger/Content/LevelPrototyping/Meshes/SM_ChamferCube.uexp" 325
"../../../Engine/Content/EngineResources/FilmGrains/Marcie_Grain_v3_128_M2_000.uasset" 326
"../../../Engine/Content/EngineResources/FilmGrains/Marcie_Grain_v3_128_M2_000.uexp" 327
"../../../Engine/Content/EngineSky/T_Sky_Stars.ubulk" 328
"../../../Engine/Content/EngineSky/T_Sky_Stars.uasset" 329
"../../../Engine/Content/EngineSky/T_Sky_Stars.uexp" 330
"../../../Engine/Content/EngineSky/T_Sky_Clouds_M.ubulk" 331
"../../../Engine/Content/EngineSky/T_Sky_Clouds_M.uasset" 332
"../../../Engine/Content/EngineSky/T_Sky_Clouds_M.uexp" 333
"../../../Engine/Content/EngineSky/T_Sky_Blue.ubulk" 334
"../../../Engine/Content/EngineSky/T_Sky_Blue.uasset" 335
"../../../Engine/Content/EngineSky/T_Sky_Blue.uexp" 336
"../../../Engine/Content/EngineSky/M_Sky_Panning_Clouds2.uasset" 337
"../../../Engine/Content/EngineSky/M_Sky_Panning_Clouds2.uexp" 338
"../../../Engine/Content/EngineSky/SM_SkySphere.ubulk" 339
"../../../Engine/Content/EngineSky/SM_SkySphere.uasset" 340
"../../../Engine/Content/EngineSky/SM_SkySphere.uexp" 341
"../../../Engine/Content/EngineSky/M_SimpleSkyDome.uasset" 342
"../../../Engine/Content/EngineSky/M_SimpleSkyDome.uexp" 343
"../../../Engine/Content/EngineSky/VolumetricClouds/CloudWeatherTexture.uasset" 344
"../../../Engine/Content/EngineSky/VolumetricClouds/CloudWeatherTexture.uexp" 345
"../../../Engine/Content/Functions/Engine_MaterialFunctions02/Utility/MakeFloat2.uasset" 346
"../../../Engine/Content/Functions/Engine_MaterialFunctions02/Utility/MakeFloat2.uexp" 347
"../../../Engine/Content/EngineSky/VolumetricClouds/CloudGradientTexture.uasset" 348
"../../../Engine/Content/EngineSky/VolumetricClouds/CloudGradientTexture.uexp" 349
"../../../Engine/Content/EngineSky/VolumetricClouds/T_NoiseShape64.ubulk" 350
"../../../Engine/Content/EngineSky/VolumetricClouds/T_NoiseShape64.uasset" 351
"../../../Engine/Content/EngineSky/VolumetricClouds/T_NoiseShape64.uexp" 352
"../../../Engine/Content/EngineSky/VolumetricClouds/T_VolumeNoiseShape64.uasset" 353
"../../../Engine/Content/EngineSky/VolumetricClouds/T_VolumeNoiseShape64.uexp" 354
"../../../Engine/Content/EngineSky/VolumetricClouds/T_NoiseErosion.ubulk" 355
"../../../Engine/Content/EngineSky/VolumetricClouds/T_NoiseErosion.uasset" 356
"../../../Engine/Content/EngineSky/VolumetricClouds/T_NoiseErosion.uexp" 357
"../../../Engine/Content/EngineSky/VolumetricClouds/T_VolumeNoiseErosion32.uasset" 358
"../../../Engine/Content/EngineSky/VolumetricClouds/T_VolumeNoiseErosion32.uexp" 359
"../../../Engine/Content/EngineSky/VolumetricClouds/m_SimpleVolumetricCloud.uasset" 360
"../../../Engine/Content/EngineSky/VolumetricClouds/m_SimpleVolumetricCloud.uexp" 361
"../../../Engine/Content/EngineSky/VolumetricClouds/m_SimpleVolumetricCloud_Inst.uasset" 362
"../../../Engine/Content/EngineSky/VolumetricClouds/m_SimpleVolumetricCloud_Inst.uexp" 363
"../../../Engine/Content/EngineSounds/Master.uasset" 364
"../../../Engine/Content/EngineSounds/Master.uexp" 365
"../../../Engine/Content/Functions/Engine_MaterialFunctions01/Shading/PowerToRoughness.uasset" 366
"../../../Engine/Content/Functions/Engine_MaterialFunctions01/Shading/PowerToRoughness.uexp" 367
"../../../Engine/Content/Maps/Templates/HLODs/HLODLayer_Merged.uasset" 368
"../../../Engine/Content/Maps/Templates/HLODs/HLODLayer_Merged.uexp" 369
"../../../Engine/Content/MobileResources/HUD/VirtualJoystick_Background.uasset" 370
"../../../Engine/Content/MobileResources/HUD/VirtualJoystick_Background.uexp" 371
"../../../Engine/Content/MobileResources/HUD/VirtualJoystick_Thumb.uasset" 372
"../../../Engine/Content/MobileResources/HUD/VirtualJoystick_Thumb.uexp" 373
"../../../Engine/Content/MobileResources/HUD/DefaultVirtualJoysticks.uasset" 374
"../../../Engine/Content/MobileResources/HUD/DefaultVirtualJoysticks.uexp" 375
"../../../Engine/Plugins/2D/Paper2D/Content/PlaceholderTextures/DummySpriteTexture.ubulk" 376
"../../../Engine/Plugins/2D/Paper2D/Content/PlaceholderTextures/DummySpriteTexture.uasset" 377
"../../../Engine/Plugins/2D/Paper2D/Content/PlaceholderTextures/DummySpriteTexture.uexp" 378
"../../../Engine/Plugins/2D/Paper2D/Content/DefaultSpriteMaterial.uasset" 379
"../../../Engine/Plugins/2D/Paper2D/Content/DefaultSpriteMaterial.uexp" 380
"../../../Engine/Plugins/2D/Paper2D/Content/OpaqueUnlitSpriteMaterial.uasset" 381
"../../../Engine/Plugins/2D/Paper2D/Content/OpaqueUnlitSpriteMaterial.uexp" 382
"../../../Engine/Plugins/2D/Paper2D/Content/MaskedUnlitSpriteMaterial.uasset" 383
"../../../Engine/Plugins/2D/Paper2D/Content/MaskedUnlitSpriteMaterial.uexp" 384
"../../../Engine/Plugins/2D/Paper2D/Content/DummySprite.uasset" 385
"../../../Engine/Plugins/2D/Paper2D/Content/DummySprite.uexp" 386
"../../../Engine/Plugins/2D/Paper2D/Content/DefaultPaperTerrainMaterial.uasset" 387
"../../../Engine/Plugins/2D/Paper2D/Content/DefaultPaperTerrainMaterial.uexp" 388
"../../../Engine/Plugins/Animation/ControlRig/Content/M_Manip.uasset" 389
"../../../Engine/Plugins/Animation/ControlRig/Content/M_Manip.uexp" 390
"../../../Engine/Plugins/Animation/ControlRig/Content/Controls/DefaultGizmoLibraryNormalized.uasset" 391
"../../../Engine/Plugins/Animation/ControlRig/Content/Controls/DefaultGizmoLibraryNormalized.uexp" 392
"../../../Engine/Plugins/Animation/ControlRig/Content/Controls/ControlRig_Wedge_solid.ubulk" 393
"../../../Engine/Plugins/Animation/ControlRig/Content/Controls/ControlRig_Wedge_solid.uasset" 394
"../../../Engine/Plugins/Animation/ControlRig/Content/Controls/ControlRig_Wedge_solid.uexp" 395
"../../../Engine/Plugins/Animation/ControlRig/Content/Controls/ControlRig_Wedge_3mm.ubulk" 396
"../../../Engine/Plugins/Animation/ControlRig/Content/Controls/ControlRig_Wedge_3mm.uasset" 397
"../../../Engine/Plugins/Animation/ControlRig/Content/Controls/ControlRig_Wedge_3mm.uexp" 398
"../../../Engine/Plugins/Animation/ControlRig/Content/Controls/ControlRig_Wedge_1mm.ubulk" 399
"../../../Engine/Plugins/Animation/ControlRig/Content/Controls/ControlRig_Wedge_1mm.uasset" 400
"../../../Engine/Plugins/Animation/ControlRig/Content/Controls/ControlRig_Wedge_1mm.uexp" 401
"../../../Engine/Plugins/Animation/ControlRig/Content/Controls/ControlRig_Triangle_solid.ubulk" 402
"../../../Engine/Plugins/Animation/ControlRig/Content/Controls/ControlRig_Triangle_solid.uasset" 403
"../../../Engine/Plugins/Animation/ControlRig/Content/Controls/ControlRig_Triangle_solid.uexp" 404
"../../../Engine/Plugins/Animation/ControlRig/Content/Controls/ControlRig_Triangle_3mm.ubulk" 405
"../../../Engine/Plugins/Animation/ControlRig/Content/Controls/ControlRig_Triangle_3mm.uasset" 406
"../../../Engine/Plugins/Animation/ControlRig/Content/Controls/ControlRig_Triangle_3mm.uexp" 407
"../../../Engine/Plugins/Animation/ControlRig/Content/Controls/ControlRig_Triangle_1mm.ubulk" 408
"../../../Engine/Plugins/Animation/ControlRig/Content/Controls/ControlRig_Triangle_1mm.uasset" 409
"../../../Engine/Plugins/Animation/ControlRig/Content/Controls/ControlRig_Triangle_1mm.uexp" 410
"../../../Engine/Plugins/Animation/ControlRig/Content/Controls/ControlRig_Star4_solid.ubulk" 411
"../../../Engine/Plugins/Animation/ControlRig/Content/Controls/ControlRig_Star4_solid.uasset" 412
"../../../Engine/Plugins/Animation/ControlRig/Content/Controls/ControlRig_Star4_solid.uexp" 413
"../../../Engine/Plugins/Animation/ControlRig/Content/Controls/ControlRig_Star4_3mm.ubulk" 414
"../../../Engine/Plugins/Animation/ControlRig/Content/Controls/ControlRig_Star4_3mm.uasset" 415
"../../../Engine/Plugins/Animation/ControlRig/Content/Controls/ControlRig_Star4_3mm.uexp" 416
"../../../Engine/Plugins/Animation/ControlRig/Content/Controls/ControlRig_Star4_1mm.ubulk" 417
"../../../Engine/Plugins/Animation/ControlRig/Content/Controls/ControlRig_Star4_1mm.uasset" 418
"../../../Engine/Plugins/Animation/ControlRig/Content/Controls/ControlRig_Star4_1mm.uexp" 419
"../../../Engine/Plugins/Animation/ControlRig/Content/Controls/ControlRig_Square_solid.ubulk" 420
"../../../Engine/Plugins/Animation/ControlRig/Content/Controls/ControlRig_Square_solid.uasset" 421
"../../../Engine/Plugins/Animation/ControlRig/Content/Controls/ControlRig_Square_solid.uexp" 422
"../../../Engine/Plugins/Animation/ControlRig/Content/Controls/ControlRig_Square_3mm.ubulk" 423
"../../../Engine/Plugins/Animation/ControlRig/Content/Controls/ControlRig_Square_3mm.uasset" 424
"../../../Engine/Plugins/Animation/ControlRig/Content/Controls/ControlRig_Square_3mm.uexp" 425
"../../../Engine/Plugins/Animation/ControlRig/Content/Controls/ControlRig_Square_1mm.ubulk" 426
"../../../Engine/Plugins/Animation/ControlRig/Content/Controls/ControlRig_Square_1mm.uasset" 427
"../../../Engine/Plugins/Animation/ControlRig/Content/Controls/ControlRig_Square_1mm.uexp" 428
"../../../Engine/Plugins/Animation/ControlRig/Content/Controls/ControlRig_Sphere_solid.ubulk" 429
"../../../Engine/Plugins/Animation/ControlRig/Content/Controls/ControlRig_Sphere_solid.uasset" 430
"../../../Engine/Plugins/Animation/ControlRig/Content/Controls/ControlRig_Sphere_solid.uexp" 431
"../../../Engine/Plugins/Animation/ControlRig/Content/Controls/ControlRig_Sphere_3mm.ubulk" 432
"../../../Engine/Plugins/Animation/ControlRig/Content/Controls/ControlRig_Sphere_3mm.uasset" 433
"../../../Engine/Plugins/Animation/ControlRig/Content/Controls/ControlRig_Sphere_3mm.uexp" 434
"../../../Engine/Plugins/Animation/ControlRig/Content/Controls/ControlRig_Sphere_1mm.ubulk" 435
"../../../Engine/Plugins/Animation/ControlRig/Content/Controls/ControlRig_Sphere_1mm.uasset" 436
"../../../Engine/Plugins/Animation/ControlRig/Content/Controls/ControlRig_Sphere_1mm.uexp" 437
"../../../Engine/Plugins/Animation/ControlRig/Content/Controls/ControlRig_RoundedTriangle_solid.ubulk" 438
"../../../Engine/Plugins/Animation/ControlRig/Content/Controls/ControlRig_RoundedTriangle_solid.uasset" 439
"../../../Engine/Plugins/Animation/ControlRig/Content/Controls/ControlRig_RoundedTriangle_solid.uexp" 440
"../../../Engine/Plugins/Animation/ControlRig/Content/Controls/ControlRig_RoundedTriangle_3mm.ubulk" 441
"../../../Engine/Plugins/Animation/ControlRig/Content/Controls/ControlRig_RoundedTriangle_3mm.uasset" 442
"../../../Engine/Plugins/Animation/ControlRig/Content/Controls/ControlRig_RoundedTriangle_3mm.uexp" 443
"../../../Engine/Plugins/Animation/ControlRig/Content/Controls/ControlRig_RoundedTriangle_1mm.ubulk" 444
"../../../Engine/Plugins/Animation/ControlRig/Content/Controls/ControlRig_RoundedTriangle_1mm.uasset" 445
"../../../Engine/Plugins/Animation/ControlRig/Content/Controls/ControlRig_RoundedTriangle_1mm.uexp" 446
"../../../Engine/Plugins/Animation/ControlRig/Content/Controls/ControlRig_RoundedSquare_solid.ubulk" 447
"../../../Engine/Plugins/Animation/ControlRig/Content/Controls/ControlRig_RoundedSquare_solid.uasset" 448
"../../../Engine/Plugins/Animation/ControlRig/Content/Controls/ControlRig_RoundedSquare_solid.uexp" 449
"../../../Engine/Plugins/Animation/ControlRig/Content/Controls/ControlRig_RoundedSquare_3mm.ubulk" 450
"../../../Engine/Plugins/Animation/ControlRig/Content/Controls/ControlRig_RoundedSquare_3mm.uasset" 451
"../../../Engine/Plugins/Animation/ControlRig/Content/Controls/ControlRig_RoundedSquare_3mm.uexp" 452
"../../../Engine/Plugins/Animation/ControlRig/Content/Controls/ControlRig_RoundedSquare_1mm.ubulk" 453
"../../../Engine/Plugins/Animation/ControlRig/Content/Controls/ControlRig_RoundedSquare_1mm.uasset" 454
"../../../Engine/Plugins/Animation/ControlRig/Content/Controls/ControlRig_RoundedSquare_1mm.uexp" 455
"../../../Engine/Plugins/Animation/ControlRig/Content/Controls/ControlRig_QuarterCircle_solid.ubulk" 456
"../../../Engine/Plugins/Animation/ControlRig/Content/Controls/ControlRig_QuarterCircle_solid.uasset" 457
"../../../Engine/Plugins/Animation/ControlRig/Content/Controls/ControlRig_QuarterCircle_solid.uexp" 458
"../../../Engine/Plugins/Animation/ControlRig/Content/Controls/ControlRig_QuarterCircle_3mm.ubulk" 459
"../../../Engine/Plugins/Animation/ControlRig/Content/Controls/ControlRig_QuarterCircle_3mm.uasset" 460
"../../../Engine/Plugins/Animation/ControlRig/Content/Controls/ControlRig_QuarterCircle_3mm.uexp" 461
"../../../Engine/Plugins/Animation/ControlRig/Content/Controls/ControlRig_QuarterCircle_1mm.ubulk" 462
"../../../Engine/Plugins/Animation/ControlRig/Content/Controls/ControlRig_QuarterCircle_1mm.uasset" 463
"../../../Engine/Plugins/Animation/ControlRig/Content/Controls/ControlRig_QuarterCircle_1mm.uexp" 464
"../../../Engine/Plugins/Animation/ControlRig/Content/Controls/ControlRig_Pyramid_solid.ubulk" 465
"../../../Engine/Plugins/Animation/ControlRig/Content/Controls/ControlRig_Pyramid_solid.uasset" 466
"../../../Engine/Plugins/Animation/ControlRig/Content/Controls/ControlRig_Pyramid_solid.uexp" 467
"../../../Engine/Plugins/Animation/ControlRig/Content/Controls/ControlRig_Pyramid_3mm.ubulk" 468
"../../../Engine/Plugins/Animation/ControlRig/Content/Controls/ControlRig_Pyramid_3mm.uasset" 469
"../../../Engine/Plugins/Animation/ControlRig/Content/Controls/ControlRig_Pyramid_3mm.uexp" 470
"../../../Engine/Plugins/Animation/ControlRig/Content/Controls/ControlRig_Pyramid_1mm.ubulk" 471
"../../../Engine/Plugins/Animation/ControlRig/Content/Controls/ControlRig_Pyramid_1mm.uasset" 472
"../../../Engine/Plugins/Animation/ControlRig/Content/Controls/ControlRig_Pyramid_1mm.uexp" 473
"../../../Engine/Plugins/Animation/ControlRig/Content/Controls/ControlRig_Octagon_solid.ubulk" 474
"../../../Engine/Plugins/Animation/ControlRig/Content/Controls/ControlRig_Octagon_solid.uasset" 475
"../../../Engine/Plugins/Animation/ControlRig/Content/Controls/ControlRig_Octagon_solid.uexp" 476
"../../../Engine/Plugins/Animation/ControlRig/Content/Controls/ControlRig_Octagon_3mm.ubulk" 477
"../../../Engine/Plugins/Animation/ControlRig/Content/Controls/ControlRig_Octagon_3mm.uasset" 478
"../../../Engine/Plugins/Animation/ControlRig/Content/Controls/ControlRig_Octagon_3mm.uexp" 479
"../../../Engine/Plugins/Animation/ControlRig/Content/Controls/ControlRig_Octagon_1mm.ubulk" 480
"../../../Engine/Plugins/Animation/ControlRig/Content/Controls/ControlRig_Octagon_1mm.uasset" 481
"../../../Engine/Plugins/Animation/ControlRig/Content/Controls/ControlRig_Octagon_1mm.uexp" 482
"../../../Engine/Plugins/Animation/ControlRig/Content/Controls/ControlRig_Hexagon_solid.ubulk" 483
"../../../Engine/Plugins/Animation/ControlRig/Content/Controls/ControlRig_Hexagon_solid.uasset" 484
"../../../Engine/Plugins/Animation/ControlRig/Content/Controls/ControlRig_Hexagon_solid.uexp" 485
"../../../Engine/Plugins/Animation/ControlRig/Content/Controls/ControlRig_Hexagon_3mm.ubulk" 486
"../../../Engine/Plugins/Animation/ControlRig/Content/Controls/ControlRig_Hexagon_3mm.uasset" 487
"../../../Engine/Plugins/Animation/ControlRig/Content/Controls/ControlRig_Hexagon_3mm.uexp" 488
"../../../Engine/Plugins/Animation/ControlRig/Content/Controls/ControlRig_Hexagon_1mm.ubulk" 489
"../../../Engine/Plugins/Animation/ControlRig/Content/Controls/ControlRig_Hexagon_1mm.uasset" 490
"../../../Engine/Plugins/Animation/ControlRig/Content/Controls/ControlRig_Hexagon_1mm.uexp" 491
"../../../Engine/Plugins/Animation/ControlRig/Content/Controls/ControlRig_HalfCircle_solid.ubulk" 492
"../../../Engine/Plugins/Animation/ControlRig/Content/Controls/ControlRig_HalfCircle_solid.uasset" 493
"../../../Engine/Plugins/Animation/ControlRig/Content/Controls/ControlRig_HalfCircle_solid.uexp" 494
"../../../Engine/Plugins/Animation/ControlRig/Content/Controls/ControlRig_HalfCircle_3mm.ubulk" 495
"../../../Engine/Plugins/Animation/ControlRig/Content/Controls/ControlRig_HalfCircle_3mm.uasset" 496
"../../../Engine/Plugins/Animation/ControlRig/Content/Controls/ControlRig_HalfCircle_3mm.uexp" 497
"../../../Engine/Plugins/Animation/ControlRig/Content/Controls/ControlRig_HalfCircle_1mm.ubulk" 498
"../../../Engine/Plugins/Animation/ControlRig/Content/Controls/ControlRig_HalfCircle_1mm.uasset" 499
"../../../Engine/Plugins/Animation/ControlRig/Content/Controls/ControlRig_HalfCircle_1mm.uexp" 500
"../../../Engine/Plugins/Animation/ControlRig/Content/Controls/ControlRig_Diamond_solid.ubulk" 501
"../../../Engine/Plugins/Animation/ControlRig/Content/Controls/ControlRig_Diamond_solid.uasset" 502
"../../../Engine/Plugins/Animation/ControlRig/Content/Controls/ControlRig_Diamond_solid.uexp" 503
"../../../Engine/Plugins/Animation/ControlRig/Content/Controls/ControlRig_Diamond_3mm.ubulk" 504
"../../../Engine/Plugins/Animation/ControlRig/Content/Controls/ControlRig_Diamond_3mm.uasset" 505
"../../../Engine/Plugins/Animation/ControlRig/Content/Controls/ControlRig_Diamond_3mm.uexp" 506
"../../../Engine/Plugins/Animation/ControlRig/Content/Controls/ControlRig_Diamond_1mm.ubulk" 507
"../../../Engine/Plugins/Animation/ControlRig/Content/Controls/ControlRig_Diamond_1mm.uasset" 508
"../../../Engine/Plugins/Animation/ControlRig/Content/Controls/ControlRig_Diamond_1mm.uexp" 509
"../../../Engine/Plugins/Animation/ControlRig/Content/Controls/ControlRig_Circle_solid.ubulk" 510
"../../../Engine/Plugins/Animation/ControlRig/Content/Controls/ControlRig_Circle_solid.uasset" 511
"../../../Engine/Plugins/Animation/ControlRig/Content/Controls/ControlRig_Circle_solid.uexp" 512
"../../../Engine/Plugins/Animation/ControlRig/Content/Controls/ControlRig_Circle_3mm.ubulk" 513
"../../../Engine/Plugins/Animation/ControlRig/Content/Controls/ControlRig_Circle_3mm.uasset" 514
"../../../Engine/Plugins/Animation/ControlRig/Content/Controls/ControlRig_Circle_3mm.uexp" 515
"../../../Engine/Plugins/Animation/ControlRig/Content/Controls/ControlRig_Circle_1mm.ubulk" 516
"../../../Engine/Plugins/Animation/ControlRig/Content/Controls/ControlRig_Circle_1mm.uasset" 517
"../../../Engine/Plugins/Animation/ControlRig/Content/Controls/ControlRig_Circle_1mm.uexp" 518
"../../../Engine/Plugins/Animation/ControlRig/Content/Controls/ControlRig_Box_solid.ubulk" 519
"../../../Engine/Plugins/Animation/ControlRig/Content/Controls/ControlRig_Box_solid.uasset" 520
"../../../Engine/Plugins/Animation/ControlRig/Content/Controls/ControlRig_Box_solid.uexp" 521
"../../../Engine/Plugins/Animation/ControlRig/Content/Controls/ControlRig_Box_3mm.ubulk" 522
"../../../Engine/Plugins/Animation/ControlRig/Content/Controls/ControlRig_Box_3mm.uasset" 523
"../../../Engine/Plugins/Animation/ControlRig/Content/Controls/ControlRig_Box_3mm.uexp" 524
"../../../Engine/Plugins/Animation/ControlRig/Content/Controls/ControlRig_Box_1mm.ubulk" 525
"../../../Engine/Plugins/Animation/ControlRig/Content/Controls/ControlRig_Box_1mm.uasset" 526
"../../../Engine/Plugins/Animation/ControlRig/Content/Controls/ControlRig_Box_1mm.uexp" 527
"../../../Engine/Plugins/Animation/ControlRig/Content/Controls/ControlRig_Arrow_solid.ubulk" 528
"../../../Engine/Plugins/Animation/ControlRig/Content/Controls/ControlRig_Arrow_solid.uasset" 529
"../../../Engine/Plugins/Animation/ControlRig/Content/Controls/ControlRig_Arrow_solid.uexp" 530
"../../../Engine/Plugins/Animation/ControlRig/Content/Controls/ControlRig_Arrow_3mm.ubulk" 531
"../../../Engine/Plugins/Animation/ControlRig/Content/Controls/ControlRig_Arrow_3mm.uasset" 532
"../../../Engine/Plugins/Animation/ControlRig/Content/Controls/ControlRig_Arrow_3mm.uexp" 533
"../../../Engine/Plugins/Animation/ControlRig/Content/Controls/ControlRig_Arrow_1mm.ubulk" 534
"../../../Engine/Plugins/Animation/ControlRig/Content/Controls/ControlRig_Arrow_1mm.uasset" 535
"../../../Engine/Plugins/Animation/ControlRig/Content/Controls/ControlRig_Arrow_1mm.uexp" 536
"../../../Engine/Plugins/Animation/ControlRig/Content/Controls/ControlRig_Arrow4_solid.ubulk" 537
"../../../Engine/Plugins/Animation/ControlRig/Content/Controls/ControlRig_Arrow4_solid.uasset" 538
"../../../Engine/Plugins/Animation/ControlRig/Content/Controls/ControlRig_Arrow4_solid.uexp" 539
"../../../Engine/Plugins/Animation/ControlRig/Content/Controls/ControlRig_Arrow4_3mm.ubulk" 540
"../../../Engine/Plugins/Animation/ControlRig/Content/Controls/ControlRig_Arrow4_3mm.uasset" 541
"../../../Engine/Plugins/Animation/ControlRig/Content/Controls/ControlRig_Arrow4_3mm.uexp" 542
"../../../Engine/Plugins/Animation/ControlRig/Content/Controls/ControlRig_Arrow4_1mm.ubulk" 543
"../../../Engine/Plugins/Animation/ControlRig/Content/Controls/ControlRig_Arrow4_1mm.uasset" 544
"../../../Engine/Plugins/Animation/ControlRig/Content/Controls/ControlRig_Arrow4_1mm.uexp" 545
"../../../Engine/Plugins/Animation/ControlRig/Content/Controls/ControlRig_Arrow2_solid.ubulk" 546
"../../../Engine/Plugins/Animation/ControlRig/Content/Controls/ControlRig_Arrow2_solid.uasset" 547
"../../../Engine/Plugins/Animation/ControlRig/Content/Controls/ControlRig_Arrow2_solid.uexp" 548
"../../../Engine/Plugins/Animation/ControlRig/Content/Controls/ControlRig_Arrow2_3mm.ubulk" 549
"../../../Engine/Plugins/Animation/ControlRig/Content/Controls/ControlRig_Arrow2_3mm.uasset" 550
"../../../Engine/Plugins/Animation/ControlRig/Content/Controls/ControlRig_Arrow2_3mm.uexp" 551
"../../../Engine/Plugins/Animation/ControlRig/Content/Controls/ControlRig_Arrow2_1mm.ubulk" 552
"../../../Engine/Plugins/Animation/ControlRig/Content/Controls/ControlRig_Arrow2_1mm.uasset" 553
"../../../Engine/Plugins/Animation/ControlRig/Content/Controls/ControlRig_Arrow2_1mm.uexp" 554
"../../../Engine/Plugins/Animation/ControlRig/Content/Controls/ControlRigXRayMaterial.uasset" 555
"../../../Engine/Plugins/Animation/ControlRig/Content/Controls/ControlRigXRayMaterial.uexp" 556
"../../../Engine/Plugins/Animation/ControlRig/Content/Controls/ControlRigGizmoMaterial.uasset" 557
"../../../Engine/Plugins/Animation/ControlRig/Content/Controls/ControlRigGizmoMaterial.uexp" 558
"../../../Engine/Plugins/Editor/SpeedTreeImporter/Content/SpeedTree9/game_wind_noise.ubulk" 559
"../../../Engine/Plugins/Editor/SpeedTreeImporter/Content/SpeedTree9/game_wind_noise.uasset" 560
"../../../Engine/Plugins/Editor/SpeedTreeImporter/Content/SpeedTree9/game_wind_noise.uexp" 561
"../../../Engine/Plugins/Editor/SpeedTreeImporter/Content/SpeedTree9/UnpackDirection.uasset" 562
"../../../Engine/Plugins/Editor/SpeedTreeImporter/Content/SpeedTree9/UnpackDirection.uexp" 563
"../../../Engine/Content/Functions/Engine_MaterialFunctions02/ObjectLocalBounds.uasset" 564
"../../../Engine/Content/Functions/Engine_MaterialFunctions02/ObjectLocalBounds.uexp" 565
"../../../Engine/Content/Functions/Engine_MaterialFunctions02/UVs/BoundingBoxBased_0-1_UVW.uasset" 566
"../../../Engine/Content/Functions/Engine_MaterialFunctions02/UVs/BoundingBoxBased_0-1_UVW.uexp" 567
"../../../Engine/Content/Functions/Engine_MaterialFunctions02/Utility/VectorLength.uasset" 568
"../../../Engine/Content/Functions/Engine_MaterialFunctions02/Utility/VectorLength.uexp" 569
"../../../Engine/Plugins/Editor/SpeedTreeImporter/Content/SpeedTree9/UnpackInteger3.uasset" 570
"../../../Engine/Plugins/Editor/SpeedTreeImporter/Content/SpeedTree9/UnpackInteger3.uexp" 571
"../../../Engine/Plugins/Editor/SpeedTreeImporter/Content/SpeedTree9/SpeedTreeCameraFacing.uasset" 572
"../../../Engine/Plugins/Editor/SpeedTreeImporter/Content/SpeedTree9/SpeedTreeCameraFacing.uexp" 573
"../../../Engine/Content/Functions/Engine_MaterialFunctions02/WorldPositionOffset/ObjectScale.uasset" 574
"../../../Engine/Content/Functions/Engine_MaterialFunctions02/WorldPositionOffset/ObjectScale.uexp" 575
"../../../Engine/Content/Functions/Engine_MaterialFunctions02/SafeNormalize.uasset" 576
"../../../Engine/Content/Functions/Engine_MaterialFunctions02/SafeNormalize.uexp" 577
"../../../Engine/Plugins/Editor/SpeedTreeImporter/Content/SpeedTree9/SpeedTreeWindMotion.uasset" 578
"../../../Engine/Plugins/Editor/SpeedTreeImporter/Content/SpeedTree9/SpeedTreeWindMotion.uexp" 579
"../../../Engine/Plugins/Editor/SpeedTreeImporter/Content/SpeedTree9/SpeedTreeBranchMotion.uasset" 580
"../../../Engine/Plugins/Editor/SpeedTreeImporter/Content/SpeedTree9/SpeedTreeBranchMotion.uexp" 581
"../../../Engine/Plugins/Editor/SpeedTreeImporter/Content/SpeedTree9/SpeedTreeWind.uasset" 582
"../../../Engine/Plugins/Editor/SpeedTreeImporter/Content/SpeedTree9/SpeedTreeWind.uexp" 583
"../../../Engine/Plugins/Editor/SpeedTreeImporter/Content/SpeedTree9/EmptyNormal.uasset" 584
"../../../Engine/Plugins/Editor/SpeedTreeImporter/Content/SpeedTree9/EmptyNormal.uexp" 585
"../../../Engine/Plugins/Editor/SpeedTreeImporter/Content/SpeedTree9/Empty.uasset" 586
"../../../Engine/Plugins/Editor/SpeedTreeImporter/Content/SpeedTree9/Empty.uexp" 587
"../../../Engine/Plugins/Editor/SpeedTreeImporter/Content/SpeedTree9/SpeedTreeMaster.uasset" 588
"../../../Engine/Plugins/Editor/SpeedTreeImporter/Content/SpeedTree9/SpeedTreeMaster.uexp" 589
"../../../Engine/Plugins/Editor/SpeedTreeImporter/Content/SpeedTree9/SpeedTreeBillboard.uasset" 590
"../../../Engine/Plugins/Editor/SpeedTreeImporter/Content/SpeedTree9/SpeedTreeBillboard.uexp" 591
"../../../Engine/Plugins/Editor/SpeedTreeImporter/Content/SpeedTree9/SpeedTreeBillboardMaster.uasset" 592
"../../../Engine/Plugins/Editor/SpeedTreeImporter/Content/SpeedTree9/SpeedTreeBillboardMaster.uexp" 593
"../../../Engine/Content/Functions/Engine_MaterialFunctions02/Texturing/CustomRotator.uasset" 594
"../../../Engine/Content/Functions/Engine_MaterialFunctions02/Texturing/CustomRotator.uexp" 595
"../../../Engine/Content/Functions/Engine_MaterialFunctions02/Texturing/ScreenAlignedPixelToPixelUVs.uasset" 596
"../../../Engine/Content/Functions/Engine_MaterialFunctions02/Texturing/ScreenAlignedPixelToPixelUVs.uexp" 597
"../../../Engine/Plugins/Interchange/Runtime/Content/Utilities/T_Bayer64_Grayscale_64px.uasset" 598
"../../../Engine/Plugins/Interchange/Runtime/Content/Utilities/T_Bayer64_Grayscale_64px.uexp" 599
"../../../Engine/Plugins/Interchange/Runtime/Content/gltf/MaterialFunctions/MF_Temporal_Blur.uasset" 600
"../../../Engine/Plugins/Interchange/Runtime/Content/gltf/MaterialFunctions/MF_Temporal_Blur.uexp" 601
"../../../Engine/Plugins/Interchange/Runtime/Content/gltf/MaterialFunctions/MF_Fresnel_DS.uasset" 602
"../../../Engine/Plugins/Interchange/Runtime/Content/gltf/MaterialFunctions/MF_Fresnel_DS.uexp" 603
"../../../Engine/Plugins/Interchange/Runtime/Content/Functions/MX_Transmission.uasset" 604
"../../../Engine/Plugins/Interchange/Runtime/Content/Functions/MX_Transmission.uexp" 605
"../../../Engine/Plugins/Interchange/Runtime/Content/Functions/MF_OrenNayerView.uasset" 606
"../../../Engine/Plugins/Interchange/Runtime/Content/Functions/MF_OrenNayerView.uexp" 607
"../../../Engine/Plugins/Interchange/Runtime/Content/Functions/MF_SchlickApprox.uasset" 608
"../../../Engine/Plugins/Interchange/Runtime/Content/Functions/MF_SchlickApprox.uexp" 609
"../../../Engine/Plugins/Interchange/Runtime/Content/Utilities/New_LUT.uasset" 610
"../../../Engine/Plugins/Interchange/Runtime/Content/Utilities/New_LUT.uexp" 611
"../../../Engine/Content/Functions/Engine_MaterialFunctions03/Math/RemapValueRange.uasset" 612
"../../../Engine/Content/Functions/Engine_MaterialFunctions03/Math/RemapValueRange.uexp" 613
"../../../Engine/Plugins/Interchange/Runtime/Content/Functions/MF_Iridescence.uasset" 614
"../../../Engine/Plugins/Interchange/Runtime/Content/Functions/MF_Iridescence.uexp" 615
"../../../Engine/Plugins/Interchange/Runtime/Content/Functions/MX_StandardSurface.uasset" 616
"../../../Engine/Plugins/Interchange/Runtime/Content/Functions/MX_StandardSurface.uexp" 617
"../../../Engine/Plugins/Interchange/Runtime/Content/Functions/MX_TransmissionSurface.uasset" 618
"../../../Engine/Plugins/Interchange/Runtime/Content/Functions/MX_TransmissionSurface.uexp" 619
"../../../Engine/Content/Functions/Engine_MaterialFunctions02/Math/AddComponents.uasset" 620
"../../../Engine/Content/Functions/Engine_MaterialFunctions02/Math/AddComponents.uexp" 621
"../../../Engine/Content/Functions/Engine_MaterialFunctions02/WorldPositionOffset/V2/ObjectScale.uasset" 622
"../../../Engine/Content/Functions/Engine_MaterialFunctions02/WorldPositionOffset/V2/ObjectScale.uexp" 623
"../../../Engine/Plugins/Interchange/Runtime/Content/gltf/MaterialFunctions/MF_TransmissionOpacity.uasset" 624
"../../../Engine/Plugins/Interchange/Runtime/Content/gltf/MaterialFunctions/MF_TransmissionOpacity.uexp" 625
"../../../Engine/Plugins/Interchange/Runtime/Content/gltf/MaterialFunctions/MF_RotateV2.uasset" 626
"../../../Engine/Plugins/Interchange/Runtime/Content/gltf/MaterialFunctions/MF_RotateV2.uexp" 627
"../../../Engine/Plugins/Interchange/Runtime/Content/gltf/MaterialFunctions/MF_TransformUVs.uasset" 628
"../../../Engine/Plugins/Interchange/Runtime/Content/gltf/MaterialFunctions/MF_TransformUVs.uexp" 629
"../../../Engine/Plugins/Interchange/Runtime/Content/gltf/Textures/T_White_srgb.uasset" 630
"../../../Engine/Plugins/Interchange/Runtime/Content/gltf/Textures/T_White_srgb.uexp" 631
"../../../Engine/Plugins/Interchange/Runtime/Content/gltf/MaterialFunctions/MF_BaseColor.uasset" 632
"../../../Engine/Plugins/Interchange/Runtime/Content/gltf/MaterialFunctions/MF_BaseColor.uexp" 633
"../../../Engine/Plugins/Interchange/Runtime/Content/gltf/MaterialFunctions/MF_DiffuseSpecGloss.uasset" 634
"../../../Engine/Plugins/Interchange/Runtime/Content/gltf/MaterialFunctions/MF_DiffuseSpecGloss.uexp" 635
"../../../Engine/Plugins/Interchange/Runtime/Content/gltf/Textures/T_White_Linear.uasset" 636
"../../../Engine/Plugins/Interchange/Runtime/Content/gltf/Textures/T_White_Linear.uexp" 637
"../../../Engine/Plugins/Interchange/Runtime/Content/gltf/MaterialFunctions/MF_MetallicRoughness.uasset" 638
"../../../Engine/Plugins/Interchange/Runtime/Content/gltf/MaterialFunctions/MF_MetallicRoughness.uexp" 639
"../../../Engine/Plugins/Interchange/Runtime/Content/gltf/MaterialFunctions/MF_Transmission.uasset" 640
"../../../Engine/Plugins/Interchange/Runtime/Content/gltf/MaterialFunctions/MF_Transmission.uexp" 641
"../../../Engine/Plugins/Interchange/Runtime/Content/gltf/MaterialFunctions/MF_Occlusion.uasset" 642
"../../../Engine/Plugins/Interchange/Runtime/Content/gltf/MaterialFunctions/MF_Occlusion.uexp" 643
"../../../Engine/Plugins/Interchange/Runtime/Content/gltf/MaterialFunctions/MF_Specular.uasset" 644
"../../../Engine/Plugins/Interchange/Runtime/Content/gltf/MaterialFunctions/MF_Specular.uexp" 645
"../../../Engine/Plugins/Interchange/Runtime/Content/gltf/MaterialFunctions/MF_IOR.uasset" 646
"../../../Engine/Plugins/Interchange/Runtime/Content/gltf/MaterialFunctions/MF_IOR.uexp" 647
"../../../Engine/Content/Functions/Engine_MaterialFunctions01/Texturing/FlattenNormal.uasset" 648
"../../../Engine/Content/Functions/Engine_MaterialFunctions01/Texturing/FlattenNormal.uexp" 649
"../../../Engine/Content/Functions/Engine_MaterialFunctions02/Math/Transform3x3Matrix.uasset" 650
"../../../Engine/Content/Functions/Engine_MaterialFunctions02/Math/Transform3x3Matrix.uexp" 651
"../../../Engine/Plugins/Interchange/Runtime/Content/gltf/MaterialFunctions/MF_RotateNormals_TS.uasset" 652
"../../../Engine/Plugins/Interchange/Runtime/Content/gltf/MaterialFunctions/MF_RotateNormals_TS.uexp" 653
"../../../Engine/Plugins/Interchange/Runtime/Content/gltf/Textures/T_Generic_N.uasset" 654
"../../../Engine/Plugins/Interchange/Runtime/Content/gltf/Textures/T_Generic_N.uexp" 655
"../../../Engine/Plugins/Interchange/Runtime/Content/gltf/MaterialFunctions/MF_Normals.uasset" 656
"../../../Engine/Plugins/Interchange/Runtime/Content/gltf/MaterialFunctions/MF_Normals.uexp" 657
"../../../Engine/Plugins/Interchange/Runtime/Content/gltf/MaterialFunctions/MF_PerceivedBrightness.uasset" 658
"../../../Engine/Plugins/Interchange/Runtime/Content/gltf/MaterialFunctions/MF_PerceivedBrightness.uexp" 659
"../../../Engine/Plugins/Interchange/Runtime/Content/gltf/MaterialFunctions/MF_SpecGlossToMetalRoughness.uasset" 660
"../../../Engine/Plugins/Interchange/Runtime/Content/gltf/MaterialFunctions/MF_SpecGlossToMetalRoughness.uexp" 661
"../../../Engine/Plugins/Interchange/Runtime/Content/gltf/M_Transmission.uasset" 662
"../../../Engine/Plugins/Interchange/Runtime/Content/gltf/M_Transmission.uexp" 663
"../../../Engine/Plugins/Interchange/Runtime/Content/gltf/MaterialInstances_MR/MI_Transmission_TS.uasset" 664
"../../../Engine/Plugins/Interchange/Runtime/Content/gltf/MaterialInstances_MR/MI_Transmission_TS.uexp" 665
"../../../Engine/Plugins/Interchange/Runtime/Content/gltf/MaterialInstances_MR/MI_Transmission.uasset" 666
"../../../Engine/Plugins/Interchange/Runtime/Content/gltf/MaterialInstances_MR/MI_Transmission.uexp" 667
"../../../Engine/Plugins/Interchange/Runtime/Content/gltf/MaterialFunctions/MF_Clearcoat.uasset" 668
"../../../Engine/Plugins/Interchange/Runtime/Content/gltf/MaterialFunctions/MF_Clearcoat.uexp" 669
"../../../Engine/Plugins/Interchange/Runtime/Content/gltf/MaterialFunctions/MF_Emissive.uasset" 670
"../../../Engine/Plugins/Interchange/Runtime/Content/gltf/MaterialFunctions/MF_Emissive.uexp" 671
"../../../Engine/Plugins/Interchange/Runtime/Content/gltf/M_Translucent.uasset" 672
"../../../Engine/Plugins/Interchange/Runtime/Content/gltf/M_Translucent.uexp" 673
"../../../Engine/Plugins/Interchange/Runtime/Content/gltf/MaterialInstances_MR/MI_Translucent_TS.uasset" 674
"../../../Engine/Plugins/Interchange/Runtime/Content/gltf/MaterialInstances_MR/MI_Translucent_TS.uexp" 675
"../../../Engine/Plugins/Interchange/Runtime/Content/gltf/MaterialInstances_MR/MI_Translucent_ClearCoat_TS.uasset" 676
"../../../Engine/Plugins/Interchange/Runtime/Content/gltf/MaterialInstances_MR/MI_Translucent_ClearCoat_TS.uexp" 677
"../../../Engine/Plugins/Interchange/Runtime/Content/gltf/MaterialInstances_MR/MI_Translucent_ClearCoat.uasset" 678
"../../../Engine/Plugins/Interchange/Runtime/Content/gltf/MaterialInstances_MR/MI_Translucent_ClearCoat.uexp" 679
"../../../Engine/Plugins/Interchange/Runtime/Content/gltf/MaterialInstances_MR/MI_Translucent.uasset" 680
"../../../Engine/Plugins/Interchange/Runtime/Content/gltf/MaterialInstances_MR/MI_Translucent.uexp" 681
"../../../Engine/Plugins/Interchange/Runtime/Content/gltf/M_Unlit.uasset" 682
"../../../Engine/Plugins/Interchange/Runtime/Content/gltf/M_Unlit.uexp" 683
"../../../Engine/Plugins/Interchange/Runtime/Content/gltf/MaterialInstances_MR/MI_Opaque_Unlit_TS.uasset" 684
"../../../Engine/Plugins/Interchange/Runtime/Content/gltf/MaterialInstances_MR/MI_Opaque_Unlit_TS.uexp" 685
"../../../Engine/Plugins/Interchange/Runtime/Content/gltf/MaterialInstances_MR/MI_Opaque_Unlit.uasset" 686
"../../../Engine/Plugins/Interchange/Runtime/Content/gltf/MaterialInstances_MR/MI_Opaque_Unlit.uexp" 687
"../../../Engine/Plugins/Interchange/Runtime/Content/gltf/M_Opaque.uasset" 688
"../../../Engine/Plugins/Interchange/Runtime/Content/gltf/M_Opaque.uexp" 689
"../../../Engine/Plugins/Interchange/Runtime/Content/gltf/MaterialInstances_MR/MI_Opaque_TS.uasset" 690
"../../../Engine/Plugins/Interchange/Runtime/Content/gltf/MaterialInstances_MR/MI_Opaque_TS.uexp" 691
"../../../Engine/Plugins/Interchange/Runtime/Content/gltf/MaterialFunctions/MF_Sheen.uasset" 692
"../../../Engine/Plugins/Interchange/Runtime/Content/gltf/MaterialFunctions/MF_Sheen.uexp" 693
"../../../Engine/Content/Functions/Engine_MaterialFunctions01/Shading/FuzzyShading.uasset" 694
"../../../Engine/Content/Functions/Engine_MaterialFunctions01/Shading/FuzzyShading.uexp" 695
"../../../Engine/Plugins/Interchange/Runtime/Content/gltf/M_Sheen.uasset" 696
"../../../Engine/Plugins/Interchange/Runtime/Content/gltf/M_Sheen.uexp" 697
"../../../Engine/Plugins/Interchange/Runtime/Content/gltf/MaterialInstances_MR/MI_Opaque_Sheen_TS.uasset" 698
"../../../Engine/Plugins/Interchange/Runtime/Content/gltf/MaterialInstances_MR/MI_Opaque_Sheen_TS.uexp" 699
"../../../Engine/Plugins/Interchange/Runtime/Content/gltf/MaterialInstances_MR/MI_Opaque_Sheen.uasset" 700
"../../../Engine/Plugins/Interchange/Runtime/Content/gltf/MaterialInstances_MR/MI_Opaque_Sheen.uexp" 701
"../../../Engine/Plugins/Interchange/Runtime/Content/gltf/MaterialInstances_MR/MI_Opaque_ClearCoat_TS.uasset" 702
"../../../Engine/Plugins/Interchange/Runtime/Content/gltf/MaterialInstances_MR/MI_Opaque_ClearCoat_TS.uexp" 703
"../../../Engine/Plugins/Interchange/Runtime/Content/gltf/MaterialInstances_MR/MI_Opaque_ClearCoat.uasset" 704
"../../../Engine/Plugins/Interchange/Runtime/Content/gltf/MaterialInstances_MR/MI_Opaque_ClearCoat.uexp" 705
"../../../Engine/Plugins/Interchange/Runtime/Content/gltf/MaterialInstances_MR/MI_Opaque.uasset" 706
"../../../Engine/Plugins/Interchange/Runtime/Content/gltf/MaterialInstances_MR/MI_Opaque.uexp" 707
"../../../Engine/Plugins/Interchange/Runtime/Content/gltf/MaterialInstances_SG/MI_Transmission_TS.uasset" 708
"../../../Engine/Plugins/Interchange/Runtime/Content/gltf/MaterialInstances_SG/MI_Transmission_TS.uexp" 709
"../../../Engine/Plugins/Interchange/Runtime/Content/gltf/MaterialInstances_SG/MI_Transmission.uasset" 710
"../../../Engine/Plugins/Interchange/Runtime/Content/gltf/MaterialInstances_SG/MI_Transmission.uexp" 711
"../../../Engine/Plugins/Interchange/Runtime/Content/gltf/MaterialInstances_SG/MI_Translucent_TS.uasset" 712
"../../../Engine/Plugins/Interchange/Runtime/Content/gltf/MaterialInstances_SG/MI_Translucent_TS.uexp" 713
"../../../Engine/Plugins/Interchange/Runtime/Content/gltf/MaterialInstances_SG/MI_Translucent_ClearCoat_TS.uasset" 714
"../../../Engine/Plugins/Interchange/Runtime/Content/gltf/MaterialInstances_SG/MI_Translucent_ClearCoat_TS.uexp" 715
"../../../Engine/Plugins/Interchange/Runtime/Content/gltf/MaterialInstances_SG/MI_Translucent_ClearCoat.uasset" 716
"../../../Engine/Plugins/Interchange/Runtime/Content/gltf/MaterialInstances_SG/MI_Translucent_ClearCoat.uexp" 717
"../../../Engine/Plugins/Interchange/Runtime/Content/gltf/MaterialInstances_SG/MI_Translucent.uasset" 718
"../../../Engine/Plugins/Interchange/Runtime/Content/gltf/MaterialInstances_SG/MI_Translucent.uexp" 719
"../../../Engine/Plugins/Interchange/Runtime/Content/gltf/MaterialInstances_SG/MI_Opaque_TS.uasset" 720
"../../../Engine/Plugins/Interchange/Runtime/Content/gltf/MaterialInstances_SG/MI_Opaque_TS.uexp" 721
"../../../Engine/Plugins/Interchange/Runtime/Content/gltf/MaterialInstances_SG/MI_Opaque_Sheen_TS.uasset" 722
"../../../Engine/Plugins/Interchange/Runtime/Content/gltf/MaterialInstances_SG/MI_Opaque_Sheen_TS.uexp" 723
"../../../Engine/Plugins/Interchange/Runtime/Content/gltf/MaterialInstances_SG/MI_Opaque_Sheen.uasset" 724
"../../../Engine/Plugins/Interchange/Runtime/Content/gltf/MaterialInstances_SG/MI_Opaque_Sheen.uexp" 725
"../../../Engine/Plugins/Interchange/Runtime/Content/gltf/MaterialInstances_SG/MI_Opaque_ClearCoat_TS.uasset" 726
"../../../Engine/Plugins/Interchange/Runtime/Content/gltf/MaterialInstances_SG/MI_Opaque_ClearCoat_TS.uexp" 727
"../../../Engine/Plugins/Interchange/Runtime/Content/gltf/MaterialInstances_SG/MI_Opaque_ClearCoat.uasset" 728
"../../../Engine/Plugins/Interchange/Runtime/Content/gltf/MaterialInstances_SG/MI_Opaque_ClearCoat.uexp" 729
"../../../Engine/Plugins/Interchange/Runtime/Content/gltf/MaterialInstances_SG/MI_Opaque.uasset" 730
"../../../Engine/Plugins/Interchange/Runtime/Content/gltf/MaterialInstances_SG/MI_Opaque.uexp" 731
"../../../Engine/Plugins/Interchange/Runtime/Content/gltf/Textures/T_Gray_Linear.uasset" 732
"../../../Engine/Plugins/Interchange/Runtime/Content/gltf/Textures/T_Gray_Linear.uexp" 733
"../../../Engine/Plugins/Interchange/Runtime/Content/gltf/Textures/T_Black_srgb.uasset" 734
"../../../Engine/Plugins/Interchange/Runtime/Content/gltf/Textures/T_Black_srgb.uexp" 735
"../../../Engine/Plugins/Interchange/Runtime/Content/Materials/UnlitMaterial.uasset" 736
"../../../Engine/Plugins/Interchange/Runtime/Content/Materials/UnlitMaterial.uexp" 737
"../../../Engine/Content/EngineMaterials/DefaultNormal.ubulk" 738
"../../../Engine/Content/EngineMaterials/DefaultNormal.uasset" 739
"../../../Engine/Content/EngineMaterials/DefaultNormal.uexp" 740
"../../../Engine/Plugins/Interchange/Runtime/Content/Materials/MapOrScalarFunction.uasset" 741
"../../../Engine/Plugins/Interchange/Runtime/Content/Materials/MapOrScalarFunction.uexp" 742
"../../../Engine/Plugins/Interchange/Runtime/Content/Materials/MapOrLinearColorFunction.uasset" 743
"../../../Engine/Plugins/Interchange/Runtime/Content/Materials/MapOrLinearColorFunction.uexp" 744
"../../../Engine/Plugins/Interchange/Runtime/Content/Materials/MapOrColorFunction.uasset" 745
"../../../Engine/Plugins/Interchange/Runtime/Content/Materials/MapOrColorFunction.uexp" 746
"../../../Engine/Plugins/Interchange/Runtime/Content/Materials/CommonMaterial.uasset" 747
"../../../Engine/Plugins/Interchange/Runtime/Content/Materials/CommonMaterial.uexp" 748
"../../../Engine/Plugins/Interchange/Runtime/Content/Materials/PBRSurfaceFunction.uasset" 749
"../../../Engine/Plugins/Interchange/Runtime/Content/Materials/PBRSurfaceFunction.uexp" 750
"../../../Engine/Plugins/Interchange/Runtime/Content/Materials/ThinTranslucentMaterial.uasset" 751
"../../../Engine/Plugins/Interchange/Runtime/Content/Materials/ThinTranslucentMaterial.uexp" 752
"../../../Engine/Plugins/Interchange/Runtime/Content/Materials/SubsurfaceMaterial.uasset" 753
"../../../Engine/Plugins/Interchange/Runtime/Content/Materials/SubsurfaceMaterial.uexp" 754
"../../../Engine/Plugins/Interchange/Runtime/Content/Materials/SheenMaterial.uasset" 755
"../../../Engine/Plugins/Interchange/Runtime/Content/Materials/SheenMaterial.uexp" 756
"../../../Engine/Content/Functions/Engine_MaterialFunctions01/Shading/ConvertFromDiffSpec.uasset" 757
"../../../Engine/Content/Functions/Engine_MaterialFunctions01/Shading/ConvertFromDiffSpec.uexp" 758
"../../../Engine/Plugins/Interchange/Runtime/Content/Materials/PhongSurfaceMaterial.uasset" 759
"../../../Engine/Plugins/Interchange/Runtime/Content/Materials/PhongSurfaceMaterial.uexp" 760
"../../../Engine/Plugins/Interchange/Runtime/Content/Materials/PBRSurfaceMaterial.uasset" 761
"../../../Engine/Plugins/Interchange/Runtime/Content/Materials/PBRSurfaceMaterial.uexp" 762
"../../../Engine/Content/EngineMaterials/FlatNormal.uasset" 763
"../../../Engine/Content/EngineMaterials/FlatNormal.uexp" 764
"../../../Engine/Content/EditorLandscapeResources/WhiteSquareTexture.uasset" 765
"../../../Engine/Content/EditorLandscapeResources/WhiteSquareTexture.uexp" 766
"../../../Engine/Plugins/Interchange/Runtime/Content/Materials/OrenNayerMaterial.uasset" 767
"../../../Engine/Plugins/Interchange/Runtime/Content/Materials/OrenNayerMaterial.uexp" 768
"../../../Engine/Plugins/Interchange/Runtime/Content/Materials/LambertSurfaceMaterial.uasset" 769
"../../../Engine/Plugins/Interchange/Runtime/Content/Materials/LambertSurfaceMaterial.uexp" 770
"../../../Engine/Plugins/Interchange/Runtime/Content/Materials/ClearCoatMaterial.uasset" 771
"../../../Engine/Plugins/Interchange/Runtime/Content/Materials/ClearCoatMaterial.uexp" 772
"../../../Engine/Plugins/Interchange/Runtime/Content/Pipelines/DefaultTexturePipeline.uasset" 773
"../../../Engine/Plugins/Interchange/Runtime/Content/Pipelines/DefaultTexturePipeline.uexp" 774
"../../../Engine/Plugins/Interchange/Runtime/Content/Pipelines/DefaultSceneLevelPipeline.uasset" 775
"../../../Engine/Plugins/Interchange/Runtime/Content/Pipelines/DefaultSceneLevelPipeline.uexp" 776
"../../../Engine/Plugins/Interchange/Runtime/Content/Pipelines/DefaultSceneAssetsPipeline.uasset" 777
"../../../Engine/Plugins/Interchange/Runtime/Content/Pipelines/DefaultSceneAssetsPipeline.uexp" 778
"../../../Engine/Plugins/Interchange/Runtime/Content/Pipelines/DefaultMaterialPipeline.uasset" 779
"../../../Engine/Plugins/Interchange/Runtime/Content/Pipelines/DefaultMaterialPipeline.uexp" 780
"../../../Engine/Plugins/Interchange/Runtime/Content/Pipelines/DefaultAssetsPipeline.uasset" 781
"../../../Engine/Plugins/Interchange/Runtime/Content/Pipelines/DefaultAssetsPipeline.uexp" 782
"../../../Engine/Plugins/Runtime/MeshModelingToolset/Content/Materials/M_DynamicMeshComponentVtxColor.uasset" 783
"../../../Engine/Plugins/Runtime/MeshModelingToolset/Content/Materials/M_DynamicMeshComponentVtxColor.uexp" 784
"D:/Work/UE5/DestinyChanger/Content/Object/Weapon/Materials/scabbard1.uasset" 785
"D:/Work/UE5/DestinyChanger/Content/Object/Weapon/Materials/scabbard1.uexp" 786
"D:/Work/UE5/DestinyChanger/Content/Characters/Mannequins/Meshes/SK_Mannequin.uasset" 787
"D:/Work/UE5/DestinyChanger/Content/Characters/Mannequins/Meshes/SK_Mannequin.uexp" 788
"../../../Engine/Content/Animation/DefaultAnimCurveCompressionSettings.uasset" 789
"../../../Engine/Content/Animation/DefaultAnimCurveCompressionSettings.uexp" 790
"../../../Engine/Content/Animation/DefaultAnimBoneCompressionSettings.uasset" 791
"../../../Engine/Content/Animation/DefaultAnimBoneCompressionSettings.uexp" 792
"D:/Work/UE5/DestinyChanger/Content/Characters/Mannequins/Animations/Quinn/MF_Run_Fwd.uasset" 793
"D:/Work/UE5/DestinyChanger/Content/Characters/Mannequins/Animations/Quinn/MF_Run_Fwd.uexp" 794
"D:/Work/UE5/DestinyChanger/Content/Characters/Mannequins/Animations/Quinn/MF_Walk_Fwd.uasset" 795
"D:/Work/UE5/DestinyChanger/Content/Characters/Mannequins/Animations/Quinn/MF_Walk_Fwd.uexp" 796
"../../../Engine/Content/Animation/DefaultRecorderBoneCompression.uasset" 797
"../../../Engine/Content/Animation/DefaultRecorderBoneCompression.uexp" 798
"D:/Work/UE5/DestinyChanger/Content/Characters/Mannequins/Animations/Manny/MM_Walk_InPlace.uasset" 799
"D:/Work/UE5/DestinyChanger/Content/Characters/Mannequins/Animations/Manny/MM_Walk_InPlace.uexp" 800
"D:/Work/UE5/DestinyChanger/Content/Characters/Mannequins/Animations/Quinn/BS_MF_Unarmed_WalkRun.uasset" 801
"D:/Work/UE5/DestinyChanger/Content/Characters/Mannequins/Animations/Quinn/BS_MF_Unarmed_WalkRun.uexp" 802
"D:/Work/UE5/DestinyChanger/Content/Characters/Mannequins/Animations/Quinn/MF_Idle.uasset" 803
"D:/Work/UE5/DestinyChanger/Content/Characters/Mannequins/Animations/Quinn/MF_Idle.uexp" 804
"D:/Work/UE5/DestinyChanger/Content/Characters/Mannequins/Animations/Manny/MM_Fall_Loop.uasset" 805
"D:/Work/UE5/DestinyChanger/Content/Characters/Mannequins/Animations/Manny/MM_Fall_Loop.uexp" 806
"D:/Work/UE5/DestinyChanger/Content/Characters/Mannequins/Animations/Manny/MM_Jump.uasset" 807
"D:/Work/UE5/DestinyChanger/Content/Characters/Mannequins/Animations/Manny/MM_Jump.uexp" 808
"../../../Engine/Plugins/Animation/ControlRig/Content/Controls/DefaultGizmoLibrary.uasset" 809
"../../../Engine/Plugins/Animation/ControlRig/Content/Controls/DefaultGizmoLibrary.uexp" 810
"D:/Work/UE5/DestinyChanger/Content/Characters/Mannequins/Rigs/CR_Mannequin_BasicFootIK.uasset" 811
"D:/Work/UE5/DestinyChanger/Content/Characters/Mannequins/Rigs/CR_Mannequin_BasicFootIK.uexp" 812
"D:/Work/UE5/DestinyChanger/Content/Characters/Mannequins/Animations/Manny/MM_Run_Fwd.uasset" 813
"D:/Work/UE5/DestinyChanger/Content/Characters/Mannequins/Animations/Manny/MM_Run_Fwd.uexp" 814
"D:/Work/UE5/DestinyChanger/Content/Characters/Mannequins/Animations/Manny/MM_Walk_Fwd.uasset" 815
"D:/Work/UE5/DestinyChanger/Content/Characters/Mannequins/Animations/Manny/MM_Walk_Fwd.uexp" 816
"D:/Work/UE5/DestinyChanger/Content/Characters/Mannequins/Animations/Manny/BS_MM_WalkRun.uasset" 817
"D:/Work/UE5/DestinyChanger/Content/Characters/Mannequins/Animations/Manny/BS_MM_WalkRun.uexp" 818
"D:/Work/UE5/DestinyChanger/Content/Characters/Mannequins/Animations/Manny/MM_Land.uasset" 819
"D:/Work/UE5/DestinyChanger/Content/Characters/Mannequins/Animations/Manny/MM_Land.uexp" 820
"D:/Work/UE5/DestinyChanger/Content/Characters/Mannequins/Animations/Manny/MM_Idle.uasset" 821
"D:/Work/UE5/DestinyChanger/Content/Characters/Mannequins/Animations/Manny/MM_Idle.uexp" 822
"D:/Work/UE5/DestinyChanger/Content/Characters/Mannequins/Animations/ABP_Manny.uasset" 823
"D:/Work/UE5/DestinyChanger/Content/Characters/Mannequins/Animations/ABP_Manny.uexp" 824
"D:/Work/UE5/DestinyChanger/Content/Characters/Mannequins/Animations/ABP_Quinn.uasset" 825
"D:/Work/UE5/DestinyChanger/Content/Characters/Mannequins/Animations/ABP_Quinn.uexp" 826
"D:/Work/UE5/DestinyChanger/Content/Anime/Sword/Anim_ARPGSamurai_Hit1.uasset" 827
"D:/Work/UE5/DestinyChanger/Content/Anime/Sword/Anim_ARPGSamurai_Hit1.uexp" 828
"D:/Work/UE5/DestinyChanger/Content/Anime/Sword/Hit/Anim_ARPGSamurai_Hit1_Montage.uasset" 829
"D:/Work/UE5/DestinyChanger/Content/Anime/Sword/Hit/Anim_ARPGSamurai_Hit1_Montage.uexp" 830
"D:/Work/UE5/DestinyChanger/Content/Characters/Mannequins/Rigs/Poses/Quinn/Quinn_foot_l_anim.uasset" 831
"D:/Work/UE5/DestinyChanger/Content/Characters/Mannequins/Rigs/Poses/Quinn/Quinn_foot_l_anim.uexp" 832
"D:/Work/UE5/DestinyChanger/Content/Characters/Mannequins/Rigs/Poses/Quinn/Quinn_foot_l_pose.uasset" 833
"D:/Work/UE5/DestinyChanger/Content/Characters/Mannequins/Rigs/Poses/Quinn/Quinn_foot_l_pose.uexp" 834
"D:/Work/UE5/DestinyChanger/Content/Characters/Mannequins/Rigs/Poses/Quinn/Quinn_clavicle_l_anim.uasset" 835
"D:/Work/UE5/DestinyChanger/Content/Characters/Mannequins/Rigs/Poses/Quinn/Quinn_clavicle_l_anim.uexp" 836
"D:/Work/UE5/DestinyChanger/Content/Characters/Mannequins/Rigs/Poses/Quinn/Quinn_clavicle_l_pose.uasset" 837
"D:/Work/UE5/DestinyChanger/Content/Characters/Mannequins/Rigs/Poses/Quinn/Quinn_clavicle_l_pose.uexp" 838
"D:/Work/UE5/DestinyChanger/Content/Characters/Mannequins/Rigs/Poses/Quinn/Quinn_clavicle_r_anim.uasset" 839
"D:/Work/UE5/DestinyChanger/Content/Characters/Mannequins/Rigs/Poses/Quinn/Quinn_clavicle_r_anim.uexp" 840
"D:/Work/UE5/DestinyChanger/Content/Characters/Mannequins/Rigs/Poses/Quinn/Quinn_clavicle_r_pose.uasset" 841
"D:/Work/UE5/DestinyChanger/Content/Characters/Mannequins/Rigs/Poses/Quinn/Quinn_clavicle_r_pose.uexp" 842
"D:/Work/UE5/DestinyChanger/Content/Characters/Mannequins/Rigs/Poses/Quinn/Quinn_upperarm_l_anim.uasset" 843
"D:/Work/UE5/DestinyChanger/Content/Characters/Mannequins/Rigs/Poses/Quinn/Quinn_upperarm_l_anim.uexp" 844
"D:/Work/UE5/DestinyChanger/Content/Characters/Mannequins/Rigs/Poses/Quinn/Quinn_upperarm_l_pose.uasset" 845
"D:/Work/UE5/DestinyChanger/Content/Characters/Mannequins/Rigs/Poses/Quinn/Quinn_upperarm_l_pose.uexp" 846
"D:/Work/UE5/DestinyChanger/Content/Characters/Mannequins/Rigs/Poses/Quinn/Quinn_lowerarm_l_anim.uasset" 847
"D:/Work/UE5/DestinyChanger/Content/Characters/Mannequins/Rigs/Poses/Quinn/Quinn_lowerarm_l_anim.uexp" 848
"D:/Work/UE5/DestinyChanger/Content/Characters/Mannequins/Rigs/Poses/Quinn/Quinn_lowerarm_l_pose.uasset" 849
"D:/Work/UE5/DestinyChanger/Content/Characters/Mannequins/Rigs/Poses/Quinn/Quinn_lowerarm_l_pose.uexp" 850
"D:/Work/UE5/DestinyChanger/Content/Characters/Mannequins/Rigs/Poses/Quinn/Quinn_calf_l_anim.uasset" 851
"D:/Work/UE5/DestinyChanger/Content/Characters/Mannequins/Rigs/Poses/Quinn/Quinn_calf_l_anim.uexp" 852
"D:/Work/UE5/DestinyChanger/Content/Characters/Mannequins/Rigs/Poses/Quinn/Quinn_calf_l_pose.uasset" 853
"D:/Work/UE5/DestinyChanger/Content/Characters/Mannequins/Rigs/Poses/Quinn/Quinn_calf_l_pose.uexp" 854
"D:/Work/UE5/DestinyChanger/Content/Characters/Mannequins/Rigs/CR_Mannequin_Procedural.uasset" 855
"D:/Work/UE5/DestinyChanger/Content/Characters/Mannequins/Rigs/CR_Mannequin_Procedural.uexp" 856
"D:/Work/UE5/DestinyChanger/Content/Characters/Mannequins/Rigs/Poses/Quinn/Quinn_upperarm_r_anim.uasset" 857
"D:/Work/UE5/DestinyChanger/Content/Characters/Mannequins/Rigs/Poses/Quinn/Quinn_upperarm_r_anim.uexp" 858
"D:/Work/UE5/DestinyChanger/Content/Characters/Mannequins/Rigs/Poses/Quinn/Quinn_upperarm_r_pose.uasset" 859
"D:/Work/UE5/DestinyChanger/Content/Characters/Mannequins/Rigs/Poses/Quinn/Quinn_upperarm_r_pose.uexp" 860
"D:/Work/UE5/DestinyChanger/Content/Characters/Mannequins/Rigs/Poses/Quinn/Quinn_calf_r_anim.uasset" 861
"D:/Work/UE5/DestinyChanger/Content/Characters/Mannequins/Rigs/Poses/Quinn/Quinn_calf_r_anim.uexp" 862
"D:/Work/UE5/DestinyChanger/Content/Characters/Mannequins/Rigs/Poses/Quinn/Quinn_calf_r_pose.uasset" 863
"D:/Work/UE5/DestinyChanger/Content/Characters/Mannequins/Rigs/Poses/Quinn/Quinn_calf_r_pose.uexp" 864
"D:/Work/UE5/DestinyChanger/Content/Characters/Mannequins/Rigs/Poses/Quinn/Quinn_foot_r_anim.uasset" 865
"D:/Work/UE5/DestinyChanger/Content/Characters/Mannequins/Rigs/Poses/Quinn/Quinn_foot_r_anim.uexp" 866
"D:/Work/UE5/DestinyChanger/Content/Characters/Mannequins/Rigs/Poses/Quinn/Quinn_foot_r_pose.uasset" 867
"D:/Work/UE5/DestinyChanger/Content/Characters/Mannequins/Rigs/Poses/Quinn/Quinn_foot_r_pose.uexp" 868
"D:/Work/UE5/DestinyChanger/Content/Characters/Mannequins/Rigs/Poses/Quinn/Quinn_lowerarm_r_anim.uasset" 869
"D:/Work/UE5/DestinyChanger/Content/Characters/Mannequins/Rigs/Poses/Quinn/Quinn_lowerarm_r_anim.uexp" 870
"D:/Work/UE5/DestinyChanger/Content/Characters/Mannequins/Rigs/Poses/Quinn/Quinn_lowerarm_r_pose.uasset" 871
"D:/Work/UE5/DestinyChanger/Content/Characters/Mannequins/Rigs/Poses/Quinn/Quinn_lowerarm_r_pose.uexp" 872
"D:/Work/UE5/DestinyChanger/Content/Characters/Mannequins/Rigs/Poses/Quinn/Quinn_thigh_l_anim.uasset" 873
"D:/Work/UE5/DestinyChanger/Content/Characters/Mannequins/Rigs/Poses/Quinn/Quinn_thigh_l_anim.uexp" 874
"D:/Work/UE5/DestinyChanger/Content/Characters/Mannequins/Rigs/Poses/Quinn/Quinn_thigh_l_pose.uasset" 875
"D:/Work/UE5/DestinyChanger/Content/Characters/Mannequins/Rigs/Poses/Quinn/Quinn_thigh_l_pose.uexp" 876
"D:/Work/UE5/DestinyChanger/Content/Characters/Mannequins/Rigs/Poses/Quinn/Quinn_thigh_r_anim.uasset" 877
"D:/Work/UE5/DestinyChanger/Content/Characters/Mannequins/Rigs/Poses/Quinn/Quinn_thigh_r_anim.uexp" 878
"D:/Work/UE5/DestinyChanger/Content/Characters/Mannequins/Rigs/Poses/Quinn/Quinn_thigh_r_pose.uasset" 879
"D:/Work/UE5/DestinyChanger/Content/Characters/Mannequins/Rigs/Poses/Quinn/Quinn_thigh_r_pose.uexp" 880
"D:/Work/UE5/DestinyChanger/Content/Characters/Mannequins/Rigs/Poses/Quinn/Quinn_hand_l_anim.uasset" 881
"D:/Work/UE5/DestinyChanger/Content/Characters/Mannequins/Rigs/Poses/Quinn/Quinn_hand_l_anim.uexp" 882
"D:/Work/UE5/DestinyChanger/Content/Characters/Mannequins/Rigs/Poses/Quinn/Quinn_hand_l_pose.uasset" 883
"D:/Work/UE5/DestinyChanger/Content/Characters/Mannequins/Rigs/Poses/Quinn/Quinn_hand_l_pose.uexp" 884
"D:/Work/UE5/DestinyChanger/Content/Characters/Mannequins/Rigs/Poses/Quinn/Quinn_hand_r_anim.uasset" 885
"D:/Work/UE5/DestinyChanger/Content/Characters/Mannequins/Rigs/Poses/Quinn/Quinn_hand_r_anim.uexp" 886
"D:/Work/UE5/DestinyChanger/Content/Characters/Mannequins/Rigs/Poses/Quinn/Quinn_hand_r_pose.uasset" 887
"D:/Work/UE5/DestinyChanger/Content/Characters/Mannequins/Rigs/Poses/Quinn/Quinn_hand_r_pose.uexp" 888
"D:/Work/UE5/DestinyChanger/Content/Characters/Mannequins/Rigs/ABP_Quinn_PostProcess.uasset" 889
"D:/Work/UE5/DestinyChanger/Content/Characters/Mannequins/Rigs/ABP_Quinn_PostProcess.uexp" 890
"D:/Work/UE5/DestinyChanger/Content/Characters/Mannequins/Textures/Quinn/T_Quinn_02ID_MSR_MSK.ubulk" 891
"D:/Work/UE5/DestinyChanger/Content/Characters/Mannequins/Textures/Quinn/T_Quinn_02ID_MSR_MSK.uasset" 892
"D:/Work/UE5/DestinyChanger/Content/Characters/Mannequins/Textures/Quinn/T_Quinn_02ID_MSR_MSK.uexp" 893
"D:/Work/UE5/DestinyChanger/Content/Characters/Mannequins/Textures/Quinn/T_Quinn_02ID_BN.ubulk" 894
"D:/Work/UE5/DestinyChanger/Content/Characters/Mannequins/Textures/Quinn/T_Quinn_02ID_BN.uasset" 895
"D:/Work/UE5/DestinyChanger/Content/Characters/Mannequins/Textures/Quinn/T_Quinn_02ID_BN.uexp" 896
"D:/Work/UE5/DestinyChanger/Content/Characters/Mannequins/Textures/Quinn/T_Quinn_02_ASAOMASK_MSK.ubulk" 897
"D:/Work/UE5/DestinyChanger/Content/Characters/Mannequins/Textures/Quinn/T_Quinn_02_ASAOMASK_MSK.uasset" 898
"D:/Work/UE5/DestinyChanger/Content/Characters/Mannequins/Textures/Quinn/T_Quinn_02_ASAOMASK_MSK.uexp" 899
"D:/Work/UE5/DestinyChanger/Content/Characters/Mannequins/Textures/Quinn/T_Quinn_02_CCRCCPlastic_MSK.ubulk" 900
"D:/Work/UE5/DestinyChanger/Content/Characters/Mannequins/Textures/Quinn/T_Quinn_02_CCRCCPlastic_MSK.uasset" 901
"D:/Work/UE5/DestinyChanger/Content/Characters/Mannequins/Textures/Quinn/T_Quinn_02_CCRCCPlastic_MSK.uexp" 902
"D:/Work/UE5/DestinyChanger/Content/Characters/Mannequins/Textures/Quinn/T_Quinn_02ID_Tan.ubulk" 903
"D:/Work/UE5/DestinyChanger/Content/Characters/Mannequins/Textures/Quinn/T_Quinn_02ID_Tan.uasset" 904
"D:/Work/UE5/DestinyChanger/Content/Characters/Mannequins/Textures/Quinn/T_Quinn_02ID_Tan.uexp" 905
"D:/Work/UE5/DestinyChanger/Content/Characters/Mannequins/Textures/Quinn/T_Quinn_02ID_D.ubulk" 906
"D:/Work/UE5/DestinyChanger/Content/Characters/Mannequins/Textures/Quinn/T_Quinn_02ID_D.uasset" 907
"D:/Work/UE5/DestinyChanger/Content/Characters/Mannequins/Textures/Quinn/T_Quinn_02ID_D.uexp" 908
"D:/Work/UE5/DestinyChanger/Content/Characters/Mannequins/Textures/Quinn/T_Quinn_01ID_MSR_MSK.ubulk" 909
"D:/Work/UE5/DestinyChanger/Content/Characters/Mannequins/Textures/Quinn/T_Quinn_01ID_MSR_MSK.uasset" 910
"D:/Work/UE5/DestinyChanger/Content/Characters/Mannequins/Textures/Quinn/T_Quinn_01ID_MSR_MSK.uexp" 911
"D:/Work/UE5/DestinyChanger/Content/Characters/Mannequins/Materials/Functions/ChromaticCurve.uasset" 912
"D:/Work/UE5/DestinyChanger/Content/Characters/Mannequins/Materials/Functions/ChromaticCurve.uexp" 913
"D:/Work/UE5/DestinyChanger/Content/Characters/Mannequins/Materials/Functions/CA_Mannequin.uasset" 914
"D:/Work/UE5/DestinyChanger/Content/Characters/Mannequins/Materials/Functions/CA_Mannequin.uexp" 915
"D:/Work/UE5/DestinyChanger/Content/Characters/Mannequins/Materials/Functions/MF_Diffraction.uasset" 916
"D:/Work/UE5/DestinyChanger/Content/Characters/Mannequins/Materials/Functions/MF_Diffraction.uexp" 917
"D:/Work/UE5/DestinyChanger/Content/Characters/Mannequins/Textures/Manny/T_Manny_01_N.ubulk" 918
"D:/Work/UE5/DestinyChanger/Content/Characters/Mannequins/Textures/Manny/T_Manny_01_N.uasset" 919
"D:/Work/UE5/DestinyChanger/Content/Characters/Mannequins/Textures/Manny/T_Manny_01_N.uexp" 920
"D:/Work/UE5/DestinyChanger/Content/Characters/Mannequins/Materials/Functions/ML_BaseColorFallOff.uasset" 921
"D:/Work/UE5/DestinyChanger/Content/Characters/Mannequins/Materials/Functions/ML_BaseColorFallOff.uexp" 922
"../../../Engine/Content/Functions/Engine_MaterialFunctions01/Texturing/ScaleUVsByCenter.uasset" 923
"../../../Engine/Content/Functions/Engine_MaterialFunctions01/Texturing/ScaleUVsByCenter.uexp" 924
"D:/Work/UE5/DestinyChanger/Content/Characters/Mannequins/Textures/Shared/T_UE_Logo_M.uasset" 925
"D:/Work/UE5/DestinyChanger/Content/Characters/Mannequins/Textures/Shared/T_UE_Logo_M.uexp" 926
"D:/Work/UE5/DestinyChanger/Content/Characters/Mannequins/Materials/Functions/MF_logo3layers.uasset" 927
"D:/Work/UE5/DestinyChanger/Content/Characters/Mannequins/Materials/Functions/MF_logo3layers.uexp" 928
"D:/Work/UE5/DestinyChanger/Content/Characters/Mannequins/Textures/Manny/T_Manny_01_CCRCCPlastic_MSK.ubulk" 929
"D:/Work/UE5/DestinyChanger/Content/Characters/Mannequins/Textures/Manny/T_Manny_01_CCRCCPlastic_MSK.uasset" 930
"D:/Work/UE5/DestinyChanger/Content/Characters/Mannequins/Textures/Manny/T_Manny_01_CCRCCPlastic_MSK.uexp" 931
"D:/Work/UE5/DestinyChanger/Content/Characters/Mannequins/Textures/Manny/T_Manny_01_ASAOPMASK_MSK.ubulk" 932
"D:/Work/UE5/DestinyChanger/Content/Characters/Mannequins/Textures/Manny/T_Manny_01_ASAOPMASK_MSK.uasset" 933
"D:/Work/UE5/DestinyChanger/Content/Characters/Mannequins/Textures/Manny/T_Manny_01_ASAOPMASK_MSK.uexp" 934
"D:/Work/UE5/DestinyChanger/Content/Characters/Mannequins/Textures/Manny/T_Manny_01_MSR_MSK.ubulk" 935
"D:/Work/UE5/DestinyChanger/Content/Characters/Mannequins/Textures/Manny/T_Manny_01_MSR_MSK.uasset" 936
"D:/Work/UE5/DestinyChanger/Content/Characters/Mannequins/Textures/Manny/T_Manny_01_MSR_MSK.uexp" 937
"D:/Work/UE5/DestinyChanger/Content/Characters/Mannequins/Textures/Manny/T_Manny_01_BN.ubulk" 938
"D:/Work/UE5/DestinyChanger/Content/Characters/Mannequins/Textures/Manny/T_Manny_01_BN.uasset" 939
"D:/Work/UE5/DestinyChanger/Content/Characters/Mannequins/Textures/Manny/T_Manny_01_BN.uexp" 940
"D:/Work/UE5/DestinyChanger/Content/Characters/Mannequins/Textures/Manny/T_Manny_01_D.ubulk" 941
"D:/Work/UE5/DestinyChanger/Content/Characters/Mannequins/Textures/Manny/T_Manny_01_D.uasset" 942
"D:/Work/UE5/DestinyChanger/Content/Characters/Mannequins/Textures/Manny/T_Manny_01_D.uexp" 943
"D:/Work/UE5/DestinyChanger/Content/Characters/Mannequins/Textures/Manny/T_Manny_01_Tan.ubulk" 944
"D:/Work/UE5/DestinyChanger/Content/Characters/Mannequins/Textures/Manny/T_Manny_01_Tan.uasset" 945
"D:/Work/UE5/DestinyChanger/Content/Characters/Mannequins/Textures/Manny/T_Manny_01_Tan.uexp" 946
"D:/Work/UE5/DestinyChanger/Content/Characters/Mannequins/Materials/M_Mannequin.uasset" 947
"D:/Work/UE5/DestinyChanger/Content/Characters/Mannequins/Materials/M_Mannequin.uexp" 948
"D:/Work/UE5/DestinyChanger/Content/Characters/Mannequins/Textures/Quinn/T_Quinn_01_ASAOMASK_MSK.ubulk" 949
"D:/Work/UE5/DestinyChanger/Content/Characters/Mannequins/Textures/Quinn/T_Quinn_01_ASAOMASK_MSK.uasset" 950
"D:/Work/UE5/DestinyChanger/Content/Characters/Mannequins/Textures/Quinn/T_Quinn_01_ASAOMASK_MSK.uexp" 951
"D:/Work/UE5/DestinyChanger/Content/Characters/Mannequins/Textures/Quinn/T_Quinn_01ID_N.ubulk" 952
"D:/Work/UE5/DestinyChanger/Content/Characters/Mannequins/Textures/Quinn/T_Quinn_01ID_N.uasset" 953
"D:/Work/UE5/DestinyChanger/Content/Characters/Mannequins/Textures/Quinn/T_Quinn_01ID_N.uexp" 954
"D:/Work/UE5/DestinyChanger/Content/Characters/Mannequins/Textures/Quinn/T_Quinn_01ID_BN.ubulk" 955
"D:/Work/UE5/DestinyChanger/Content/Characters/Mannequins/Textures/Quinn/T_Quinn_01ID_BN.uasset" 956
"D:/Work/UE5/DestinyChanger/Content/Characters/Mannequins/Textures/Quinn/T_Quinn_01ID_BN.uexp" 957
"D:/Work/UE5/DestinyChanger/Content/Characters/Mannequins/Textures/Quinn/T_Quinn_01ID_D.ubulk" 958
"D:/Work/UE5/DestinyChanger/Content/Characters/Mannequins/Textures/Quinn/T_Quinn_01ID_D.uasset" 959
"D:/Work/UE5/DestinyChanger/Content/Characters/Mannequins/Textures/Quinn/T_Quinn_01ID_D.uexp" 960
"D:/Work/UE5/DestinyChanger/Content/Characters/Mannequins/Textures/Quinn/T_Quinn_01ID_Tan.ubulk" 961
"D:/Work/UE5/DestinyChanger/Content/Characters/Mannequins/Textures/Quinn/T_Quinn_01ID_Tan.uasset" 962
"D:/Work/UE5/DestinyChanger/Content/Characters/Mannequins/Textures/Quinn/T_Quinn_01ID_Tan.uexp" 963
"D:/Work/UE5/DestinyChanger/Content/Characters/Mannequins/Textures/Quinn/T_Quinn_01_CCRCCPlastic_MSK.ubulk" 964
"D:/Work/UE5/DestinyChanger/Content/Characters/Mannequins/Textures/Quinn/T_Quinn_01_CCRCCPlastic_MSK.uasset" 965
"D:/Work/UE5/DestinyChanger/Content/Characters/Mannequins/Textures/Quinn/T_Quinn_01_CCRCCPlastic_MSK.uexp" 966
"D:/Work/UE5/DestinyChanger/Content/Characters/Mannequins/Materials/Instances/Quinn/MI_Quinn_01.uasset" 967
"D:/Work/UE5/DestinyChanger/Content/Characters/Mannequins/Materials/Instances/Quinn/MI_Quinn_01.uexp" 968
"D:/Work/UE5/DestinyChanger/Content/Characters/Mannequins/Textures/Quinn/T_Quinn_02ID_N.ubulk" 969
"D:/Work/UE5/DestinyChanger/Content/Characters/Mannequins/Textures/Quinn/T_Quinn_02ID_N.uasset" 970
"D:/Work/UE5/DestinyChanger/Content/Characters/Mannequins/Textures/Quinn/T_Quinn_02ID_N.uexp" 971
"D:/Work/UE5/DestinyChanger/Content/Characters/Mannequins/Materials/Instances/Quinn/MI_Quinn_02.uasset" 972
"D:/Work/UE5/DestinyChanger/Content/Characters/Mannequins/Materials/Instances/Quinn/MI_Quinn_02.uexp" 973
"D:/Work/UE5/DestinyChanger/Content/Characters/Mannequins/Rigs/PA_Mannequin.uasset" 974
"D:/Work/UE5/DestinyChanger/Content/Characters/Mannequins/Rigs/PA_Mannequin.uexp" 975
"D:/Work/UE5/DestinyChanger/Content/Characters/Mannequins/Meshes/SKM_Quinn.uasset" 976
"D:/Work/UE5/DestinyChanger/Content/Characters/Mannequins/Meshes/SKM_Quinn.uexp" 977
"D:/Work/UE5/DestinyChanger/Content/BluePrints/BP_Enemy.uasset" 978
"D:/Work/UE5/DestinyChanger/Content/BluePrints/BP_Enemy.uexp" 979
"D:/Work/UE5/DestinyChanger/Content/LevelPrototyping/Materials/MI_PrototypeGrid_TopDark.uasset" 980
"D:/Work/UE5/DestinyChanger/Content/LevelPrototyping/Materials/MI_PrototypeGrid_TopDark.uexp" 981
"D:/Work/UE5/DestinyChanger/Content/Anime/Sword/Attack/Anim_ARPGSamurai_Attack_Combo2.uasset" 982
"D:/Work/UE5/DestinyChanger/Content/Anime/Sword/Attack/Anim_ARPGSamurai_Attack_Combo2.uexp" 983
"D:/Work/UE5/DestinyChanger/Content/BluePrints/BP_AttackEnd_AN.uasset" 984
"D:/Work/UE5/DestinyChanger/Content/BluePrints/BP_AttackEnd_AN.uexp" 985
"D:/Work/UE5/DestinyChanger/Content/BluePrints/BP_Attacking_AN.uasset" 986
"D:/Work/UE5/DestinyChanger/Content/BluePrints/BP_Attacking_AN.uexp" 987
"D:/Work/UE5/DestinyChanger/Content/BluePrints/BP_EnemyFlagReset_AN.uasset" 988
"D:/Work/UE5/DestinyChanger/Content/BluePrints/BP_EnemyFlagReset_AN.uexp" 989
"D:/Work/UE5/DestinyChanger/Content/Anime/Sword/Attack/Comb2.uasset" 990
"D:/Work/UE5/DestinyChanger/Content/Anime/Sword/Attack/Comb2.uexp" 991
"D:/Work/UE5/DestinyChanger/Content/BluePrints/Input/IA_LightAtk.uasset" 992
"D:/Work/UE5/DestinyChanger/Content/BluePrints/Input/IA_LightAtk.uexp" 993
"D:/Work/UE5/DestinyChanger/Content/BluePrints/BP_AttachWeaponActor_AN.uasset" 994
"D:/Work/UE5/DestinyChanger/Content/BluePrints/BP_AttachWeaponActor_AN.uexp" 995
"D:/Work/UE5/DestinyChanger/Content/Anime/Sword/Anim_ARPGSamurai_Equip.uasset" 996
"D:/Work/UE5/DestinyChanger/Content/Anime/Sword/Anim_ARPGSamurai_Equip.uexp" 997
"D:/Work/UE5/DestinyChanger/Content/Anime/Sword/Equip/Anim_ARPGSamurai_Equip_Montage.uasset" 998
"D:/Work/UE5/DestinyChanger/Content/Anime/Sword/Equip/Anim_ARPGSamurai_Equip_Montage.uexp" 999
"D:/Work/UE5/DestinyChanger/Content/BluePrints/Input/Actions/IA_Jump.uasset" 1000
"D:/Work/UE5/DestinyChanger/Content/BluePrints/Input/Actions/IA_Jump.uexp" 1001
"D:/Work/UE5/DestinyChanger/Content/BluePrints/Input/IA_ToggleBattle.uasset" 1002
"D:/Work/UE5/DestinyChanger/Content/BluePrints/Input/IA_ToggleBattle.uexp" 1003
"D:/Work/UE5/DestinyChanger/Content/BluePrints/Input/Actions/IA_Move.uasset" 1004
"D:/Work/UE5/DestinyChanger/Content/BluePrints/Input/Actions/IA_Move.uexp" 1005
"D:/Work/UE5/DestinyChanger/Content/BluePrints/Input/IA_HeavyAtk.uasset" 1006
"D:/Work/UE5/DestinyChanger/Content/BluePrints/Input/IA_HeavyAtk.uexp" 1007
"D:/Work/UE5/DestinyChanger/Content/BluePrints/Input/Actions/IA_Look.uasset" 1008
"D:/Work/UE5/DestinyChanger/Content/BluePrints/Input/Actions/IA_Look.uexp" 1009
"D:/Work/UE5/DestinyChanger/Content/BluePrints/Input/IMC_Default.uasset" 1010
"D:/Work/UE5/DestinyChanger/Content/BluePrints/Input/IMC_Default.uexp" 1011
"D:/Work/UE5/DestinyChanger/Content/Anime/Sword/Attack/Anim_ARPGSamurai_Attack_Combo1.uasset" 1012
"D:/Work/UE5/DestinyChanger/Content/Anime/Sword/Attack/Anim_ARPGSamurai_Attack_Combo1.uexp" 1013
"D:/Work/UE5/DestinyChanger/Content/Anime/Sword/Attack/Comb1.uasset" 1014
"D:/Work/UE5/DestinyChanger/Content/Anime/Sword/Attack/Comb1.uexp" 1015
"D:/Work/UE5/DestinyChanger/Content/Object/Weapon/Materials/katana1.uasset" 1016
"D:/Work/UE5/DestinyChanger/Content/Object/Weapon/Materials/katana1.uexp" 1017
"D:/Work/UE5/DestinyChanger/Content/Object/Weapon/Mesh/katana.ubulk" 1018
"D:/Work/UE5/DestinyChanger/Content/Object/Weapon/Mesh/katana.uasset" 1019
"D:/Work/UE5/DestinyChanger/Content/Object/Weapon/Mesh/katana.uexp" 1020
"D:/Work/UE5/DestinyChanger/Content/BluePrints/BP_Weapon.uasset" 1021
"D:/Work/UE5/DestinyChanger/Content/BluePrints/BP_Weapon.uexp" 1022
"D:/Work/UE5/DestinyChanger/Content/Anime/Sword/Attack/Anim_ARPGSamurai_Attack_Combo4.uasset" 1023
"D:/Work/UE5/DestinyChanger/Content/Anime/Sword/Attack/Anim_ARPGSamurai_Attack_Combo4.uexp" 1024
"D:/Work/UE5/DestinyChanger/Content/Anime/Sword/Attack/Comb4.uasset" 1025
"D:/Work/UE5/DestinyChanger/Content/Anime/Sword/Attack/Comb4.uexp" 1026
"D:/Work/UE5/DestinyChanger/Content/Anime/Sword/Anim_ARPGSamurai_Unequip.uasset" 1027
"D:/Work/UE5/DestinyChanger/Content/Anime/Sword/Anim_ARPGSamurai_Unequip.uexp" 1028
"D:/Work/UE5/DestinyChanger/Content/Anime/Sword/Equip/Anim_ARPGSamurai_Unequip_Montage.uasset" 1029
"D:/Work/UE5/DestinyChanger/Content/Anime/Sword/Equip/Anim_ARPGSamurai_Unequip_Montage.uexp" 1030
"D:/Work/UE5/DestinyChanger/Content/Characters/Mannequins/Textures/Manny/T_Manny_02_MSR_MSK.ubulk" 1031
"D:/Work/UE5/DestinyChanger/Content/Characters/Mannequins/Textures/Manny/T_Manny_02_MSR_MSK.uasset" 1032
"D:/Work/UE5/DestinyChanger/Content/Characters/Mannequins/Textures/Manny/T_Manny_02_MSR_MSK.uexp" 1033
"D:/Work/UE5/DestinyChanger/Content/Characters/Mannequins/Textures/Manny/T_Manny_02_CCRCCPlastic_MSK.ubulk" 1034
"D:/Work/UE5/DestinyChanger/Content/Characters/Mannequins/Textures/Manny/T_Manny_02_CCRCCPlastic_MSK.uasset" 1035
"D:/Work/UE5/DestinyChanger/Content/Characters/Mannequins/Textures/Manny/T_Manny_02_CCRCCPlastic_MSK.uexp" 1036
"D:/Work/UE5/DestinyChanger/Content/Characters/Mannequins/Textures/Manny/T_Manny_02_Tan.ubulk" 1037
"D:/Work/UE5/DestinyChanger/Content/Characters/Mannequins/Textures/Manny/T_Manny_02_Tan.uasset" 1038
"D:/Work/UE5/DestinyChanger/Content/Characters/Mannequins/Textures/Manny/T_Manny_02_Tan.uexp" 1039
"D:/Work/UE5/DestinyChanger/Content/Characters/Mannequins/Textures/Manny/T_Manny_02_N.ubulk" 1040
"D:/Work/UE5/DestinyChanger/Content/Characters/Mannequins/Textures/Manny/T_Manny_02_N.uasset" 1041
"D:/Work/UE5/DestinyChanger/Content/Characters/Mannequins/Textures/Manny/T_Manny_02_N.uexp" 1042
"D:/Work/UE5/DestinyChanger/Content/Characters/Mannequins/Materials/Instances/Manny/MI_Manny_01.uasset" 1043
"D:/Work/UE5/DestinyChanger/Content/Characters/Mannequins/Materials/Instances/Manny/MI_Manny_01.uexp" 1044
"D:/Work/UE5/DestinyChanger/Content/Characters/Mannequins/Textures/Manny/T_Manny_02_BN.ubulk" 1045
"D:/Work/UE5/DestinyChanger/Content/Characters/Mannequins/Textures/Manny/T_Manny_02_BN.uasset" 1046
"D:/Work/UE5/DestinyChanger/Content/Characters/Mannequins/Textures/Manny/T_Manny_02_BN.uexp" 1047
"D:/Work/UE5/DestinyChanger/Content/Characters/Mannequins/Textures/Manny/T_Manny_02_ASAOPMASK_MSK.ubulk" 1048
"D:/Work/UE5/DestinyChanger/Content/Characters/Mannequins/Textures/Manny/T_Manny_02_ASAOPMASK_MSK.uasset" 1049
"D:/Work/UE5/DestinyChanger/Content/Characters/Mannequins/Textures/Manny/T_Manny_02_ASAOPMASK_MSK.uexp" 1050
"D:/Work/UE5/DestinyChanger/Content/Characters/Mannequins/Textures/Manny/T_Manny_02_D.ubulk" 1051
"D:/Work/UE5/DestinyChanger/Content/Characters/Mannequins/Textures/Manny/T_Manny_02_D.uasset" 1052
"D:/Work/UE5/DestinyChanger/Content/Characters/Mannequins/Textures/Manny/T_Manny_02_D.uexp" 1053
"D:/Work/UE5/DestinyChanger/Content/Characters/Mannequins/Materials/Instances/Manny/MI_Manny_02.uasset" 1054
"D:/Work/UE5/DestinyChanger/Content/Characters/Mannequins/Materials/Instances/Manny/MI_Manny_02.uexp" 1055
"D:/Work/UE5/DestinyChanger/Content/Characters/Mannequins/Meshes/SKM_Manny_Simple.uasset" 1056
"D:/Work/UE5/DestinyChanger/Content/Characters/Mannequins/Meshes/SKM_Manny_Simple.uexp" 1057
"D:/Work/UE5/DestinyChanger/Content/Anime/Sword/Attack/Anim_ARPGSamurai_Attack_Combo3.uasset" 1058
"D:/Work/UE5/DestinyChanger/Content/Anime/Sword/Attack/Anim_ARPGSamurai_Attack_Combo3.uexp" 1059
"D:/Work/UE5/DestinyChanger/Content/Anime/Sword/Attack/Comb3.uasset" 1060
"D:/Work/UE5/DestinyChanger/Content/Anime/Sword/Attack/Comb3.uexp" 1061
"D:/Work/UE5/DestinyChanger/Content/BluePrints/BP_ThirdPersonCharacter.uasset" 1062
"D:/Work/UE5/DestinyChanger/Content/BluePrints/BP_ThirdPersonCharacter.uexp" 1063
"D:/Work/UE5/DestinyChanger/Content/BluePrints/BP_DestinyChangerGameMode.uasset" 1064
"D:/Work/UE5/DestinyChanger/Content/BluePrints/BP_DestinyChangerGameMode.uexp" 1065
"../../../Engine/Content/Maps/Templates/HLODs/HLODLayer_Instanced.uasset" 1066
"../../../Engine/Content/Maps/Templates/HLODs/HLODLayer_Instanced.uexp" 1067
"D:/Work/UE5/DestinyChanger/Content/BluePrints/TEST_WG.uasset" 1068
"D:/Work/UE5/DestinyChanger/Content/BluePrints/TEST_WG.uexp" 1069
"D:/Work/UE5/DestinyChanger/Content/ThirdPerson/Maps/ThirdPersonMap.uexp" 1070
"D:/Work/UE5/DestinyChanger/Content/ThirdPerson/Maps/ThirdPersonMap.umap" 1071
"../../../Engine/Content/Maps/Entry_BuiltData.uasset" 1072
"../../../Engine/Content/Maps/Entry_BuiltData.uexp" 1073
"../../../Engine/Content/Maps/Entry.uexp" 1074
"../../../Engine/Content/Maps/Entry.umap" 1075
